09:11:56.631 [Component Resolve Thread] INFO  c.d.j.osgi.AcceleratorDriverService - Activating AcceleratorDriverService.
09:11:56.645 [Component Resolve Thread] INFO  com.datical.jdbc.osgi.DriverConsumer - DaticalJDBC notified of potential delegate driver com.datical.jdbc.oracle.DaticalOracleDriver
09:11:56.835 [Component Resolve Thread] INFO  com.datical.jdbc.osgi.DriverConsumer - DaticalJDBC notified of potential delegate driver com.microsoft.sqlserver.jdbc.SQLServerDriver
09:11:56.843 [Component Resolve Thread] INFO  com.datical.jdbc.osgi.DriverConsumer - DaticalJDBC notified of potential delegate driver oracle.jdbc.OracleDriver
09:11:56.848 [Component Resolve Thread] INFO  com.datical.jdbc.osgi.DriverConsumer - DaticalJDBC notified of potential delegate driver com.ibm.db2.jcc.DB2Driver
09:11:56.853 [Component Resolve Thread] INFO  com.datical.jdbc.osgi.DriverConsumer - DaticalJDBC notified of potential delegate driver org.postgresql.Driver
09:11:56.886 [main] INFO  com.datical.hammer.repl.Main - Starting DaticalDB REPL. Version 4.2.3218.20160802105704  1470153575176
09:11:56.887 [main] INFO  com.datical - initializing drivers
09:11:56.894 [main] INFO  com.datical -   No driver path was specified by properties or on command line.
09:11:56.894 [main] DEBUG com.datical.hammer.repl.Main - Extensions found: [liquibase-appdba, liquibase-storedlogic]
09:11:56.896 [main] DEBUG com.datical.hammer.repl.Main - Using sqlplus located at 'C:\Users\Bill\DaticalDB_4.2.3218\repl\..\instantclient'
09:11:58.051 [main] INFO  com.datical.hammer.repl.Main - Licensing Information:
Datical DB Admin License
Issued to : CN=This is not a real license! Do Not Distribute
Issued on : Wed Nov 11 09:30:03 CST 2015
Expires on: Thu Nov 10 09:30:03 CST 2016

Datical DB Accelerator License
Issued to : CN=This is not a real license! Do Not Distribute
Issued on : Wed Nov 11 09:32:21 CST 2015
Expires on: Thu Nov 10 09:32:21 CST 2016


09:11:59.009 [main] INFO  com.datical - initializing drivers
09:11:59.261 [main] INFO  com.datical - loaded JDBC drivers sucessfully
09:12:04.714 [main] INFO  deployPackager - ==================================================
09:12:04.714 [main] INFO  deployPackager - DATICAL DB: Packaging SQL Script(s) 
09:12:04.715 [main] INFO  deployPackager - ==================================================
09:12:04.715 [main] INFO  deployPackager - BEGIN: 2016-09-23-09:12:04
09:12:04.785 [main] INFO  deployPackager - PARAMETERS:
09:12:04.785 [main] INFO  deployPackager -   pipeline:           Sep_2016
09:12:04.785 [main] INFO  deployPackager -   scm:                true
09:12:04.786 [main] INFO  deployPackager -   labels:             test_table
09:12:04.786 [main] INFO  deployPackager -   contexts:           
09:12:04.786 [main] INFO  deployPackager -   preview:            false
09:12:04.786 [main] INFO  deployPackager - ARGS PRE-CHECKS:
09:12:04.807 [main] INFO  deployPackager -   Using scm as defined in deployPackager.properties
09:12:04.807 [main] INFO  deployPackager - 
09:12:04.878 [main] INFO  deployPackager - PACKAGER PROPERTIES:
09:12:04.892 [main] INFO  deployPackager -   ddbScmBranch         : 'master'
09:12:04.893 [main] INFO  deployPackager -   ddbScmLastImportID   : '266fde8a07d244ed51a64dba912a7956e20c8b56'
09:12:04.893 [main] INFO  deployPackager -   ddbScmPath           : '.'
09:12:04.893 [main] INFO  deployPackager -   ddbScmSystem         : 'git'
09:12:04.894 [main] INFO  deployPackager -   sqlScmLastImportID   : '6f58daa472f5544a9f9711a9411dad36644a50fb'
09:12:04.894 [main] INFO  deployPackager -   sqlScmPath           : 'C:\Users\Bill\git\DaticalSQL'
09:12:04.894 [main] INFO  deployPackager -   sqlScmSQLBaseDir     : 'sql_code'
09:12:04.894 [main] INFO  deployPackager -   sqlScmSystem         : 'git'
09:12:04.895 [main] INFO  deployPackager - 
09:12:04.910 [main] DEBUG ScriptUtils - sysExec command: git check-ignore --verbose daticaldb.log
09:12:04.910 [main] DEBUG ScriptUtils -   Working Directory: .
09:12:05.710 [main] DEBUG ScriptUtils - rc     : 0
09:12:05.710 [main] DEBUG ScriptUtils - stdout : .gitignore:10:*.log	daticaldb.log

09:12:05.715 [main] DEBUG deployPackager - Running git status for sqlScmPath at C:\Users\Bill\git\DaticalSQL
09:12:05.718 [main] DEBUG ScriptUtils - sysExec command: git status
09:12:05.718 [main] DEBUG ScriptUtils -   Working Directory: C:\Users\Bill\git\DaticalSQL
09:12:05.854 [main] DEBUG ScriptUtils - rc     : 0
09:12:05.855 [main] DEBUG ScriptUtils - stdout : On branch master
Your branch is up-to-date with 'origin/master'.
nothing to commit, working directory clean

09:12:05.871 [main] INFO  deployPackager - Local Git repo sqlScmPath at C:\Users\Bill\git\DaticalSQL is now on branch master
09:12:05.871 [main] INFO  deployPackager - Local Git repo sqlScmPath at C:\Users\Bill\git\DaticalSQL is up-to-date
09:12:05.871 [main] DEBUG deployPackager - Running git status for ddbScmPath at .
09:12:05.871 [main] DEBUG ScriptUtils - sysExec command: git status
09:12:05.871 [main] DEBUG ScriptUtils -   Working Directory: .
09:12:05.996 [main] DEBUG ScriptUtils - rc     : 0
09:12:05.997 [main] DEBUG ScriptUtils - stdout : On branch master
Your branch is up-to-date with 'origin/master'.
Changes not staged for commit:
  (use "git add <file>..." to update what will be committed)
  (use "git checkout -- <file>..." to discard changes in working directory)

	modified:   datical.project

no changes added to commit (use "git add" and/or "git commit -a")

09:12:05.997 [main] INFO  deployPackager - Local Git repo ddbScmPath at . is now on branch master
09:12:06.003 [main] ERROR deployPackager - Datical has detected modifications to the local Git repo ddbScmPath at .. Please commit or stash the affected files before running the Deployment Packager
09:12:06.004 [main] INFO  deployPackager - 
On branch master
Your branch is up-to-date with 'origin/master'.
Changes not staged for commit:
  (use "git add <file>..." to update what will be committed)
  (use "git checkout -- <file>..." to discard changes in working directory)

	modified:   datical.project

no changes added to commit (use "git add" and/or "git commit -a")

09:12:06.031 [main] INFO  c.d.j.osgi.AcceleratorDriverService - Deactivating AcceleratorDriverService.
09:14:16.831 [Component Resolve Thread] INFO  c.d.j.osgi.AcceleratorDriverService - Activating AcceleratorDriverService.
09:14:16.836 [Component Resolve Thread] INFO  com.datical.jdbc.osgi.DriverConsumer - DaticalJDBC notified of potential delegate driver com.datical.jdbc.oracle.DaticalOracleDriver
09:14:17.023 [Component Resolve Thread] INFO  com.datical.jdbc.osgi.DriverConsumer - DaticalJDBC notified of potential delegate driver com.microsoft.sqlserver.jdbc.SQLServerDriver
09:14:17.028 [Component Resolve Thread] INFO  com.datical.jdbc.osgi.DriverConsumer - DaticalJDBC notified of potential delegate driver oracle.jdbc.OracleDriver
09:14:17.032 [Component Resolve Thread] INFO  com.datical.jdbc.osgi.DriverConsumer - DaticalJDBC notified of potential delegate driver com.ibm.db2.jcc.DB2Driver
09:14:17.036 [Component Resolve Thread] INFO  com.datical.jdbc.osgi.DriverConsumer - DaticalJDBC notified of potential delegate driver org.postgresql.Driver
09:14:17.058 [main] INFO  com.datical.hammer.repl.Main - Starting DaticalDB REPL. Version 4.2.3218.20160802105704  1470153575176
09:14:17.059 [main] INFO  com.datical - initializing drivers
09:14:17.063 [main] INFO  com.datical -   No driver path was specified by properties or on command line.
09:14:17.064 [main] DEBUG com.datical.hammer.repl.Main - Extensions found: [liquibase-appdba, liquibase-storedlogic]
09:14:17.067 [main] DEBUG com.datical.hammer.repl.Main - Using sqlplus located at 'C:\Users\Bill\DaticalDB_4.2.3218\repl\..\instantclient'
09:14:18.122 [main] INFO  com.datical.hammer.repl.Main - Licensing Information:
Datical DB Admin License
Issued to : CN=This is not a real license! Do Not Distribute
Issued on : Wed Nov 11 09:30:03 CST 2015
Expires on: Thu Nov 10 09:30:03 CST 2016

Datical DB Accelerator License
Issued to : CN=This is not a real license! Do Not Distribute
Issued on : Wed Nov 11 09:32:21 CST 2015
Expires on: Thu Nov 10 09:32:21 CST 2016


09:14:19.239 [main] INFO  com.datical - initializing drivers
09:14:19.518 [main] INFO  com.datical - loaded JDBC drivers sucessfully
09:14:25.372 [main] INFO  deployPackager - ==================================================
09:14:25.372 [main] INFO  deployPackager - DATICAL DB: Packaging SQL Script(s) 
09:14:25.372 [main] INFO  deployPackager - ==================================================
09:14:25.373 [main] INFO  deployPackager - BEGIN: 2016-09-23-09:14:25
09:14:25.417 [main] INFO  deployPackager - PARAMETERS:
09:14:25.417 [main] INFO  deployPackager -   pipeline:           Sep_2016
09:14:25.417 [main] INFO  deployPackager -   scm:                true
09:14:25.418 [main] INFO  deployPackager -   labels:             test_table
09:14:25.418 [main] INFO  deployPackager -   contexts:           
09:14:25.418 [main] INFO  deployPackager -   preview:            false
09:14:25.418 [main] INFO  deployPackager - ARGS PRE-CHECKS:
09:14:25.456 [main] INFO  deployPackager -   Using scm as defined in deployPackager.properties
09:14:25.456 [main] INFO  deployPackager - 
09:14:25.523 [main] INFO  deployPackager - PACKAGER PROPERTIES:
09:14:25.528 [main] INFO  deployPackager -   ddbScmBranch         : 'master'
09:14:25.529 [main] INFO  deployPackager -   ddbScmLastImportID   : '266fde8a07d244ed51a64dba912a7956e20c8b56'
09:14:25.529 [main] INFO  deployPackager -   ddbScmPath           : '.'
09:14:25.530 [main] INFO  deployPackager -   ddbScmSystem         : 'git'
09:14:25.530 [main] INFO  deployPackager -   sqlScmLastImportID   : '6f58daa472f5544a9f9711a9411dad36644a50fb'
09:14:25.530 [main] INFO  deployPackager -   sqlScmPath           : 'C:\Users\Bill\git\DaticalSQL'
09:14:25.530 [main] INFO  deployPackager -   sqlScmSQLBaseDir     : 'sql_code'
09:14:25.531 [main] INFO  deployPackager -   sqlScmSystem         : 'git'
09:14:25.532 [main] INFO  deployPackager - 
09:14:25.546 [main] DEBUG ScriptUtils - sysExec command: git check-ignore --verbose daticaldb.log
09:14:25.546 [main] DEBUG ScriptUtils -   Working Directory: .
09:14:25.987 [main] DEBUG ScriptUtils - rc     : 0
09:14:25.987 [main] DEBUG ScriptUtils - stdout : .gitignore:10:*.log	daticaldb.log

09:14:25.992 [main] DEBUG deployPackager - Running git status for sqlScmPath at C:\Users\Bill\git\DaticalSQL
09:14:25.995 [main] DEBUG ScriptUtils - sysExec command: git status
09:14:25.995 [main] DEBUG ScriptUtils -   Working Directory: C:\Users\Bill\git\DaticalSQL
09:14:26.171 [main] DEBUG ScriptUtils - rc     : 0
09:14:26.171 [main] DEBUG ScriptUtils - stdout : On branch master
Your branch is up-to-date with 'origin/master'.
nothing to commit, working directory clean

09:14:26.208 [main] INFO  deployPackager - Local Git repo sqlScmPath at C:\Users\Bill\git\DaticalSQL is now on branch master
09:14:26.209 [main] INFO  deployPackager - Local Git repo sqlScmPath at C:\Users\Bill\git\DaticalSQL is up-to-date
09:14:26.209 [main] DEBUG deployPackager - Running git status for ddbScmPath at .
09:14:26.209 [main] DEBUG ScriptUtils - sysExec command: git status
09:14:26.209 [main] DEBUG ScriptUtils -   Working Directory: .
09:14:26.436 [main] DEBUG ScriptUtils - rc     : 0
09:14:26.436 [main] DEBUG ScriptUtils - stdout : On branch master
Your branch is up-to-date with 'origin/master'.
nothing to commit, working directory clean

09:14:26.452 [main] INFO  deployPackager - Local Git repo ddbScmPath at . is now on branch master
09:14:26.452 [main] INFO  deployPackager - Local Git repo ddbScmPath at . is up-to-date
09:14:26.456 [main] DEBUG ScriptUtils - sysExec command: git branch
09:14:26.457 [main] DEBUG ScriptUtils -   Working Directory: .
09:14:26.845 [main] DEBUG ScriptUtils - rc     : 0
09:14:26.845 [main] DEBUG ScriptUtils - stdout : * master

09:14:26.846 [main] INFO  deployPackager - Current git branch is master
09:14:26.847 [main] DEBUG ScriptUtils - sysExec command: git branch
09:14:26.848 [main] DEBUG ScriptUtils -   Working Directory: .
09:14:26.962 [main] DEBUG ScriptUtils - rc     : 0
09:14:26.962 [main] DEBUG ScriptUtils - stdout : * master

09:14:26.963 [main] INFO  deployPackager - Current git branch is master
09:14:26.964 [main] DEBUG deployPackager - already on branch master
09:14:26.965 [main] DEBUG ScriptUtils - sysExec command: git check-ignore --verbose daticaldb.log
09:14:26.965 [main] DEBUG ScriptUtils -   Working Directory: .
09:14:27.064 [main] DEBUG ScriptUtils - rc     : 0
09:14:27.065 [main] DEBUG ScriptUtils - stdout : .gitignore:10:*.log	daticaldb.log

09:14:27.065 [main] DEBUG deployPackager - Running git status for ddbScmPath at .
09:14:27.066 [main] DEBUG ScriptUtils - sysExec command: git status
09:14:27.066 [main] DEBUG ScriptUtils -   Working Directory: .
09:14:27.162 [main] DEBUG ScriptUtils - rc     : 0
09:14:27.162 [main] DEBUG ScriptUtils - stdout : On branch master
Your branch is up-to-date with 'origin/master'.
nothing to commit, working directory clean

09:14:27.163 [main] INFO  deployPackager - Local Git repo ddbScmPath at . is now on branch master
09:14:27.163 [main] INFO  deployPackager - Local Git repo ddbScmPath at . is up-to-date
09:14:27.164 [main] INFO  deployPackager - Getting latest revisions for 'git' working copy '.'
09:14:27.165 [main] DEBUG ScriptUtils - sysExec command: git pull
09:14:27.165 [main] DEBUG ScriptUtils -   Working Directory: .
09:14:28.842 [main] DEBUG ScriptUtils - rc     : 0
09:14:28.842 [main] DEBUG ScriptUtils - stdout : Already up-to-date.

09:14:28.897 [main] DEBUG deployPackager - here:  null returning sqlScmLastImportID
09:14:28.898 [main] INFO  deployPackager - PACKAGER PROPERTIES:
09:14:28.899 [main] INFO  deployPackager -   ddbScmBranch         : 'master'
09:14:28.899 [main] INFO  deployPackager -   ddbScmLastImportID   : '266fde8a07d244ed51a64dba912a7956e20c8b56'
09:14:28.899 [main] INFO  deployPackager -   ddbScmPath           : '.'
09:14:28.899 [main] INFO  deployPackager -   ddbScmSystem         : 'git'
09:14:28.900 [main] INFO  deployPackager -   sqlScmLastImportID   : '6f58daa472f5544a9f9711a9411dad36644a50fb'
09:14:28.901 [main] INFO  deployPackager -   sqlScmPath           : 'C:\Users\Bill\git\DaticalSQL'
09:14:28.901 [main] INFO  deployPackager -   sqlScmSQLBaseDir     : 'sql_code'
09:14:28.902 [main] INFO  deployPackager -   sqlScmSystem         : 'git'
09:14:28.903 [main] INFO  deployPackager - 
09:14:28.904 [main] INFO  deployPackager - ARGS PRE-CHECKS:
09:14:28.906 [main] INFO  deployPackager -   Using scm as defined in deployPackager.properties
09:14:28.906 [main] INFO  deployPackager - 
09:14:28.907 [main] INFO  deployPackager - PROJECT PRE-CHECKS:
09:14:28.908 [main] INFO  deployPackager -   In a Datical DB Project.
09:14:29.020 [main] INFO  deployPackager -   Pipeline is valid.
09:14:29.047 [main] INFO  SchemaExpander - Schema names DO NOT HAVE properties
09:14:29.048 [main] INFO  SchemaExpander - The project DeployPackager has no unexpanded schema names
09:14:29.048 [main] INFO  deployPackager - 
09:14:29.049 [main] INFO  deployPackager - BRANCH SPECIFICATION PRE-CHECKS:
09:14:29.049 [main] DEBUG deployPackager - sqlBranch: null, ddbBranch: master
09:14:29.049 [main] DEBUG deployPackager - sqlRepo: C:\Users\Bill\git\DaticalSQL, ddbRepo: .
09:14:29.049 [main] INFO  deployPackager - 
09:14:29.051 [main] DEBUG deployPackager - Running git status for sqlScmPath at C:\Users\Bill\git\DaticalSQL
09:14:29.051 [main] DEBUG ScriptUtils - sysExec command: git status
09:14:29.051 [main] DEBUG ScriptUtils -   Working Directory: C:\Users\Bill\git\DaticalSQL
09:14:29.210 [main] DEBUG ScriptUtils - rc     : 0
09:14:29.210 [main] DEBUG ScriptUtils - stdout : On branch master
Your branch is up-to-date with 'origin/master'.
nothing to commit, working directory clean

09:14:29.211 [main] INFO  deployPackager - Local Git repo sqlScmPath at C:\Users\Bill\git\DaticalSQL is now on branch master
09:14:29.211 [main] INFO  deployPackager - Local Git repo sqlScmPath at C:\Users\Bill\git\DaticalSQL is up-to-date
09:14:29.211 [main] INFO  deployPackager - Getting latest revisions for 'git' working copy 'C:\Users\Bill\git\DaticalSQL'
09:14:29.212 [main] DEBUG ScriptUtils - sysExec command: git pull
09:14:29.212 [main] DEBUG ScriptUtils -   Working Directory: C:\Users\Bill\git\DaticalSQL
09:14:30.503 [main] DEBUG ScriptUtils - rc     : 0
09:14:30.504 [main] DEBUG ScriptUtils - stdout : Already up-to-date.

09:14:30.521 [main] DEBUG deployPackager - PackagerMetadata constructed with topDir of C:\Users\Bill\git\DaticalSQL\sql_code
09:14:30.521 [main] DEBUG deployPackager - getting 'git' scm info in 'C:\Users\Bill\git\DaticalSQL' only in dir 'sql_code' since 6f58daa472f5544a9f9711a9411dad36644a50fb
09:14:30.522 [main] DEBUG deployPackager - scmWorkingDir: C:\Users\Bill\git\DaticalSQL
09:14:30.522 [main] DEBUG deployPackager - interestingDir: sql_code
09:14:30.522 [main] DEBUG deployPackager - lastImportId is 6f58daa472f5544a9f9711a9411dad36644a50fb
09:14:30.523 [main] DEBUG ScriptUtils - sysExec command: git log --reverse --pretty=format:'%h, %an, %s' --abbrev-commit 6f58daa472f5544a9f9711a9411dad36644a50fb..HEAD
09:14:30.523 [main] DEBUG ScriptUtils -   Working Directory: C:\Users\Bill\git\DaticalSQL
09:14:30.606 [main] DEBUG ScriptUtils - rc     : 0
09:14:30.606 [main] DEBUG ScriptUtils - stdout : 'aab30b5, bbaker27, adding sql2'

09:14:30.615 [main] DEBUG ScriptUtils - sysExec command: git show --name-status --pretty=format:'%h, %an, %s' aab30b5
09:14:30.615 [main] DEBUG ScriptUtils -   Working Directory: C:\Users\Bill\git\DaticalSQL
09:14:30.699 [main] DEBUG ScriptUtils - rc     : 0
09:14:30.699 [main] DEBUG ScriptUtils - stdout : 'aab30b5, bbaker27, adding sql2'
A	sql_code/data_dml/select_from_dual2.sql

09:14:30.706 [main] DEBUG deployPackager - parsed line A	sql_code/data_dml/select_from_dual2.sql scmOperation added and file sql_code/data_dml/select_from_dual2.sql
09:14:30.708 [main] DEBUG SCMUtils - Qualified sub-directory candidate is sql_code\data_dml\select_from_dual2.sql
09:14:30.714 [main] DEBUG SCMUtils - Should file 'sql_code\data_dml\select_from_dual2.sql' be processed? interesting dir = sql_code
09:14:30.715 [main] DEBUG SCMUtils -   sql_code\data_dml\select_from_dual2.sql should be processed
09:14:30.715 [main] DEBUG deployPackager - Packaging file object: sql_code/data_dml/select_from_dual2.sql
09:14:30.717 [main] DEBUG SCMUtils -  checking to see if sql_code\data_dml\select_from_dual2.sql is already mentioned in item aab30b5
09:14:30.721 [main] DEBUG SCMUtils - Assigned labels: [] to file sql_code/data_dml/select_from_dual2.sql
09:14:30.722 [main] DEBUG SCMUtils -  is there a rollback file for C:\Users\Bill\git\DaticalSQL\sql_code\data_dml\select_from_dual2.sql ?
09:14:30.730 [main] DEBUG SCMUtils -     nope, no rollback file
09:14:30.733 [main] DEBUG SCMUtils - Running git show --follow for aab30b5 : sql_code/data_dml/select_from_dual2.sql
09:14:30.734 [main] DEBUG ScriptUtils - sysExec command: git show --follow aab30b5 sql_code/data_dml/select_from_dual2.sql
09:14:30.734 [main] DEBUG ScriptUtils -   Working Directory: C:\Users\Bill\git\DaticalSQL
09:14:30.833 [main] DEBUG ScriptUtils - rc     : 0
09:14:30.833 [main] DEBUG ScriptUtils - stdout : commit aab30b553e0393b336ce9f4e9a146011558939a1
Author: bbaker27 <bbaker@datical.com>
Date:   Thu Sep 22 18:48:41 2016 -0500

    adding sql2

diff --git a/sql_code/data_dml/select_from_dual.sql b/sql_code/data_dml/select_from_dual2.sql
similarity index 100%
copy from sql_code/data_dml/select_from_dual.sql
copy to sql_code/data_dml/select_from_dual2.sql

09:14:30.834 [main] DEBUG SCMUtils - Output from git show --follow commit aab30b553e0393b336ce9f4e9a146011558939a1
Author: bbaker27 <bbaker@datical.com>
Date:   Thu Sep 22 18:48:41 2016 -0500

    adding sql2

diff --git a/sql_code/data_dml/select_from_dual.sql b/sql_code/data_dml/select_from_dual2.sql
similarity index 100%
copy from sql_code/data_dml/select_from_dual.sql
copy to sql_code/data_dml/select_from_dual2.sql

09:14:30.836 [main] INFO  SCMUtils - Processed renamed file information for sql_code/data_dml/select_from_dual2.sql
09:14:30.837 [main] DEBUG SCMUtils - scmGetRenameInfo returned: [needNew:true, scmFile:sql_code/data_dml/select_from_dual2.sql, scmAuthor:bbaker27, filename:C:\Users\Bill\git\DaticalSQL\sql_code\data_dml\select_from_dual2.sql, scmOperation:added, labels:[], type:data_dml, action:sqlfile, order:8, renamedFile:null, newFile:null]
09:14:30.838 [main] DEBUG SCMUtils - Is this a rename operation and do we have both renamedFile and newFile names ? [needNew:true, scmFile:sql_code/data_dml/select_from_dual2.sql, scmAuthor:bbaker27, filename:C:\Users\Bill\git\DaticalSQL\sql_code\data_dml\select_from_dual2.sql, scmOperation:added, labels:[], type:data_dml, action:sqlfile, order:8, renamedFile:null, newFile:null]: NO
09:14:30.838 [main] DEBUG SCMUtils - The item [needNew:true, scmFile:sql_code/data_dml/select_from_dual2.sql, scmAuthor:bbaker27, filename:C:\Users\Bill\git\DaticalSQL\sql_code\data_dml\select_from_dual2.sql, scmOperation:added, labels:[], type:data_dml, action:sqlfile, order:8, renamedFile:null, newFile:null]
09:14:30.838 [main] DEBUG SCMUtils - is not a rename operation
09:14:30.848 [main] DEBUG SCMUtils - Current labels for key sql_code/data_dml/select_from_dual2.sql are now 
09:14:30.849 [main] DEBUG SCMUtils - addToDropMapIfNeeded analyzing: added [needNew:true, scmFile:sql_code/data_dml/select_from_dual2.sql, scmAuthor:bbaker27, filename:C:\Users\Bill\git\DaticalSQL\sql_code\data_dml\select_from_dual2.sql, scmOperation:added, labels:[], type:data_dml, action:sqlfile, order:8, renamedFile:null, newFile:null]
09:14:30.857 [main] INFO  deployPackager - SQL SCM:
09:14:30.863 [main] INFO  deployPackager -   Found 1 items with 1 files to package. There are 0 stored logic drops.
09:14:30.863 [main] INFO  deployPackager -   ID         AUTHOR               COMMENT                        LABELS
09:14:30.868 [main] INFO  deployPackager -   aab30b5    bbaker27             adding sql2                    []
09:14:30.868 [main] INFO  deployPackager -   Item id aab30b5 has 1 files not already noted
09:14:30.868 [main] INFO  deployPackager -      TYPE       ACTION     FILENAME/ROLLBACKFILE
09:14:30.871 [main] INFO  deployPackager -      data_dml   sqlfile    C:\Users\Bill\git\DaticalSQL\sql_code\data_dml\select_from_dual2.sql
09:14:30.871 [main] INFO  deployPackager -                            -no rollback found-
09:14:30.871 [main] INFO  deployPackager - DATICAL PROJECT:
09:14:30.872 [main] INFO  deployPackager -   name:               DeployPackager
09:14:30.872 [main] INFO  deployPackager -   pipeline:           Sep_2016
09:14:30.872 [main] INFO  deployPackager -   reference:          DEV
09:14:30.872 [main] INFO  deployPackager -   vendor:             oracle
09:14:30.873 [main] INFO  deployPackager - --------------------------------------------------
09:14:30.873 [main] INFO  deployPackager -  RUNNING SQL Rules
09:14:30.873 [main] INFO  deployPackager - --------------------------------------------------
09:14:30.878 [main] INFO  deployPackager -   Checking SQL Rules for File: C:\Users\Bill\git\DaticalSQL\sql_code\data_dml\select_from_dual2.sql
09:14:30.878 [main] INFO  deployPackager - 
09:14:30.878 [main] INFO  deployPackager - command: hammer runRules 
09:14:30.878 [main] INFO  deployPackager - C:\Users\Bill\git\DaticalSQL\sql_code\data_dml\select_from_dual2.sql 
09:14:30.879 [main] INFO  deployPackager - 

09:14:31.105 [main] DEBUG o.drools.core.impl.KnowledgeBaseImpl - Starting Engine in RETEOO mode
09:14:32.058 [main] INFO  deployPackager - runRules successful for SQL file 'C:\Users\Bill\git\DaticalSQL\sql_code\data_dml\select_from_dual2.sql'
09:14:32.059 [main] INFO  deployPackager - PASSES SQL Rules!
09:14:32.060 [main] INFO  deployPackager - ==================================================
09:14:32.060 [main] INFO  deployPackager - DATICALDB: BACKUP Database: DEV
09:14:32.060 [main] INFO  deployPackager - ==================================================
09:14:32.061 [main] WARN  deployPackager - Property databaseBackupRestoreLocation not set in deployPackager.properties
09:14:32.062 [main] INFO  deployPackager - BACKING UP DATABASE: backup=DEV.dmp
09:14:32.790 [main] DEBUG database_backup_restore - script started at Fri Sep 23 09:14:32 CDT 2016
09:14:32.791 [main] DEBUG database_backup_restore - parameter count = 2
09:14:32.833 [main] INFO  database_backup_restore - 
***** Project Variables *****

09:14:32.846 [main] INFO  database_backup_restore -    Project:             DeployPackager
09:14:32.846 [main] INFO  database_backup_restore -    Description:         null
09:14:32.847 [main] INFO  database_backup_restore -    Current directory:   C:\Users\Bill\datical\DeployPackager
09:14:32.847 [main] INFO  database_backup_restore -    Install Dir Path:    C:\Users\Bill\DaticalDB_4.2.3218
09:14:32.847 [main] INFO  database_backup_restore -    Hammer Path:         C:\Users\Bill\DaticalDB_4.2.3218\repl
09:14:32.848 [main] INFO  database_backup_restore -    Launcher Path:       C:\Users\Bill\DaticalDB_4.2.3218\repl\hammer.bat
09:14:32.848 [main] INFO  database_backup_restore -    Groovy Script Dir:   C:\Users\Bill\DaticalDB_4.2.3218\repl\scripts
09:14:32.848 [main] INFO  database_backup_restore -    Groovy Script Path:  C:\Users\Bill\DaticalDB_4.2.3218\repl\scripts\database_backup_restore.groovy
09:14:32.850 [main] INFO  database_backup_restore - 
***** Get the database connection information *****

09:14:32.851 [main] INFO  database_backup_restore -    pipeline:    Sep_2016
09:14:32.853 [main] INFO  database_backup_restore - Found the DB Def (DEV) in the project.
09:14:32.854 [main] INFO  database_backup_restore - 
09:14:32.855 [main] INFO  database_backup_restore - Database Type: oracle
09:14:32.857 [main] DEBUG database_backup_restore - args: DEV, backup=DEV.dmp
09:14:32.857 [main] INFO  database_backup_restore - 
***** Script Parameters *****

09:14:32.857 [main] INFO  database_backup_restore -    Db Def Name:       DEV
09:14:32.858 [main] INFO  database_backup_restore -    Backup:            true
09:14:32.859 [main] INFO  database_backup_restore -      Backup File:     DEV.dmp
09:14:32.859 [main] INFO  database_backup_restore -      Backup Log File: DEV.log
09:14:32.859 [main] INFO  database_backup_restore -    Restore:           false
09:14:32.874 [main] INFO  SchemaExpander - Schema names DO NOT HAVE properties
09:14:32.875 [main] INFO  SchemaExpander - The project DeployPackager has no unexpanded schema names
09:14:32.879 [main] INFO  database_backup_restore - Adding the dbDef default schema name DP1 to the schemas list
09:14:32.880 [main] INFO  database_backup_restore - Schemas list: [DP1]
09:14:32.946 [main] INFO  database_backup_restore - Operating on the following schema(s): DP1
09:14:32.946 [main] INFO  database_backup_restore - 
***** Checking for common problems *****

09:14:35.177 [main] DEBUG database_backup_restore - Found expdp command.
09:14:35.523 [main] DEBUG database_backup_restore - Found impdp command.
09:14:35.523 [main] INFO  database_backup_restore - Checking for drivers
09:14:35.730 [main] INFO  database_backup_restore - Drivers setup correctly.

09:14:35.730 [main] DEBUG database_backup_restore - username = datical_user
09:14:35.730 [main] DEBUG database_backup_restore - defaultSchema = DP1
09:14:36.163 [main] INFO  database_backup_restore - Created database connection to database in dbDef DEV.
09:14:36.164 [main] INFO  database_backup_restore - Directory path not specified, defaulting to Oracle DIRECTORY (DATA_PUMP_DIR)
09:14:36.164 [main] INFO  database_backup_restore - 
***** Exporting schema DEV with user datical_user. DEV.dmp
09:14:36.169 [main] INFO  database_backup_restore - executing expdp command:
   expdp datical_user/***********************@localhost:1521/orcl estimate=statistics reuse_dumpfiles=y schemas=DP1 directory=DATA_PUMP_DIR dumpfile=DEV.dmp logfile=DEV.log job_name=datical_pkg_20160923_091432_export parallel=4 exclude=statistics cluster=n
09:14:38.796 [main] ERROR database_backup_restore - 
   rc    : 1
   stderr: 
Export: Release 11.2.0.1.0 - Production on Fri Sep 23 09:14:36 2016

Copyright (c) 1982, 2009, Oracle and/or its affiliates.  All rights reserved.

Connected to: Oracle Database 11g Enterprise Edition Release 11.2.0.1.0 - Production
With the Partitioning, OLAP, Data Mining and Real Application Testing options
ORA-39006: internal error
ORA-39068: invalid master table data in row with PROCESS_ORDER=-3
ORA-01950: no privileges on tablespace 'USERS'

ORA-39097: Data Pump job encountered unexpected error -1950


   stdout: 
----------------------------- end of expdp output ---------------------------------

09:14:38.796 [main] ERROR database_backup_restore - Error executing backup.
09:14:38.801 [main] ERROR deployPackager - Error backing up database 'DEV'
09:14:38.803 [main] DEBUG deployPackager - switching back to branch master in directory .
09:14:38.803 [main] DEBUG ScriptUtils - sysExec command: git branch
09:14:38.803 [main] DEBUG ScriptUtils -   Working Directory: .
09:14:38.946 [main] DEBUG ScriptUtils - rc     : 0
09:14:38.947 [main] DEBUG ScriptUtils - stdout : * master

09:14:38.947 [main] INFO  deployPackager - Current git branch is master
09:14:38.947 [main] DEBUG deployPackager - already on branch master
09:14:38.947 [main] DEBUG deployPackager - Running git status for ddbScmPath at .
09:14:38.948 [main] DEBUG ScriptUtils - sysExec command: git status
09:14:38.948 [main] DEBUG ScriptUtils -   Working Directory: .
09:14:39.618 [main] DEBUG ScriptUtils - rc     : 0
09:14:39.618 [main] DEBUG ScriptUtils - stdout : On branch master
Your branch is up-to-date with 'origin/master'.
nothing to commit, working directory clean

09:14:39.619 [main] INFO  deployPackager - Local Git repo ddbScmPath at . is now on branch master
09:14:39.622 [main] INFO  deployPackager - Local Git repo ddbScmPath at . is up-to-date
09:14:39.623 [main] DEBUG deployPackager - Running git status for sqlScmPath at C:\Users\Bill\git\DaticalSQL
09:14:39.623 [main] DEBUG ScriptUtils - sysExec command: git status
09:14:39.623 [main] DEBUG ScriptUtils -   Working Directory: C:\Users\Bill\git\DaticalSQL
09:14:39.808 [main] DEBUG ScriptUtils - rc     : 0
09:14:39.809 [main] DEBUG ScriptUtils - stdout : On branch master
Your branch is up-to-date with 'origin/master'.
nothing to commit, working directory clean

09:14:39.810 [main] INFO  deployPackager - Local Git repo sqlScmPath at C:\Users\Bill\git\DaticalSQL is now on branch master
09:14:39.810 [main] INFO  deployPackager - Local Git repo sqlScmPath at C:\Users\Bill\git\DaticalSQL is up-to-date
09:14:39.829 [main] INFO  c.d.j.osgi.AcceleratorDriverService - Deactivating AcceleratorDriverService.
09:37:12.109 [Component Resolve Thread] INFO  c.d.j.osgi.AcceleratorDriverService - Activating AcceleratorDriverService.
09:37:12.113 [Component Resolve Thread] INFO  com.datical.jdbc.osgi.DriverConsumer - DaticalJDBC notified of potential delegate driver com.datical.jdbc.oracle.DaticalOracleDriver
09:37:12.293 [Component Resolve Thread] INFO  com.datical.jdbc.osgi.DriverConsumer - DaticalJDBC notified of potential delegate driver com.microsoft.sqlserver.jdbc.SQLServerDriver
09:37:12.298 [Component Resolve Thread] INFO  com.datical.jdbc.osgi.DriverConsumer - DaticalJDBC notified of potential delegate driver oracle.jdbc.OracleDriver
09:37:12.302 [Component Resolve Thread] INFO  com.datical.jdbc.osgi.DriverConsumer - DaticalJDBC notified of potential delegate driver com.ibm.db2.jcc.DB2Driver
09:37:12.307 [Component Resolve Thread] INFO  com.datical.jdbc.osgi.DriverConsumer - DaticalJDBC notified of potential delegate driver org.postgresql.Driver
09:37:12.329 [main] INFO  com.datical.hammer.repl.Main - Starting DaticalDB REPL. Version 4.2.3218.20160802105704  1470153575176
09:37:12.330 [main] INFO  com.datical - initializing drivers
09:37:12.336 [main] INFO  com.datical -   No driver path was specified by properties or on command line.
09:37:12.337 [main] DEBUG com.datical.hammer.repl.Main - Extensions found: [liquibase-appdba, liquibase-storedlogic]
09:37:12.340 [main] DEBUG com.datical.hammer.repl.Main - Using sqlplus located at 'C:\Users\Bill\DaticalDB_4.2.3218\repl\..\instantclient'
09:37:13.211 [main] INFO  com.datical.hammer.repl.Main - Licensing Information:
Datical DB Admin License
Issued to : CN=This is not a real license! Do Not Distribute
Issued on : Wed Nov 11 09:30:03 CST 2015
Expires on: Thu Nov 10 09:30:03 CST 2016

Datical DB Accelerator License
Issued to : CN=This is not a real license! Do Not Distribute
Issued on : Wed Nov 11 09:32:21 CST 2015
Expires on: Thu Nov 10 09:32:21 CST 2016


09:37:14.265 [main] INFO  com.datical - initializing drivers
09:37:14.544 [main] INFO  com.datical - loaded JDBC drivers sucessfully
09:37:20.056 [main] INFO  deployPackager - ==================================================
09:37:20.056 [main] INFO  deployPackager - DATICAL DB: Packaging SQL Script(s) 
09:37:20.062 [main] INFO  deployPackager - ==================================================
09:37:20.064 [main] INFO  deployPackager - BEGIN: 2016-09-23-09:37:20
09:37:20.117 [main] INFO  deployPackager - PARAMETERS:
09:37:20.123 [main] INFO  deployPackager -   pipeline:           Sep_2016
09:37:20.129 [main] INFO  deployPackager -   scm:                true
09:37:20.137 [main] INFO  deployPackager -   labels:             TEST_TABLE
09:37:20.146 [main] INFO  deployPackager -   contexts:           
09:37:20.153 [main] INFO  deployPackager -   preview:            false
09:37:20.161 [main] INFO  deployPackager - ARGS PRE-CHECKS:
09:37:20.193 [main] INFO  deployPackager -   Using scm as defined in deployPackager.properties
09:37:20.193 [main] INFO  deployPackager - 
09:37:20.243 [main] INFO  deployPackager - PACKAGER PROPERTIES:
09:37:20.249 [main] INFO  deployPackager -   ddbScmBranch         : 'master'
09:37:20.250 [main] INFO  deployPackager -   ddbScmLastImportID   : '266fde8a07d244ed51a64dba912a7956e20c8b56'
09:37:20.250 [main] INFO  deployPackager -   ddbScmPath           : '.'
09:37:20.251 [main] INFO  deployPackager -   ddbScmSystem         : 'git'
09:37:20.251 [main] INFO  deployPackager -   sqlScmLastImportID   : '6f58daa472f5544a9f9711a9411dad36644a50fb'
09:37:20.251 [main] INFO  deployPackager -   sqlScmPath           : 'C:\Users\Bill\git\DaticalSQL'
09:37:20.251 [main] INFO  deployPackager -   sqlScmSQLBaseDir     : 'sql_code'
09:37:20.251 [main] INFO  deployPackager -   sqlScmSystem         : 'git'
09:37:20.252 [main] INFO  deployPackager - 
09:37:20.266 [main] DEBUG ScriptUtils - sysExec command: git check-ignore --verbose daticaldb.log
09:37:20.266 [main] DEBUG ScriptUtils -   Working Directory: .
09:37:20.425 [main] DEBUG ScriptUtils - rc     : 0
09:37:20.426 [main] DEBUG ScriptUtils - stdout : .gitignore:10:*.log	daticaldb.log

09:37:20.429 [main] DEBUG deployPackager - Running git status for sqlScmPath at C:\Users\Bill\git\DaticalSQL
09:37:20.433 [main] DEBUG ScriptUtils - sysExec command: git status
09:37:20.433 [main] DEBUG ScriptUtils -   Working Directory: C:\Users\Bill\git\DaticalSQL
09:37:20.565 [main] DEBUG ScriptUtils - rc     : 0
09:37:20.566 [main] DEBUG ScriptUtils - stdout : On branch master
Your branch is up-to-date with 'origin/master'.
nothing to commit, working directory clean

09:37:20.584 [main] INFO  deployPackager - Local Git repo sqlScmPath at C:\Users\Bill\git\DaticalSQL is now on branch master
09:37:20.585 [main] INFO  deployPackager - Local Git repo sqlScmPath at C:\Users\Bill\git\DaticalSQL is up-to-date
09:37:20.585 [main] DEBUG deployPackager - Running git status for ddbScmPath at .
09:37:20.586 [main] DEBUG ScriptUtils - sysExec command: git status
09:37:20.586 [main] DEBUG ScriptUtils -   Working Directory: .
09:37:20.742 [main] DEBUG ScriptUtils - rc     : 0
09:37:20.742 [main] DEBUG ScriptUtils - stdout : On branch master
Your branch is up-to-date with 'origin/master'.
nothing to commit, working directory clean

09:37:20.743 [main] INFO  deployPackager - Local Git repo ddbScmPath at . is now on branch master
09:37:20.744 [main] INFO  deployPackager - Local Git repo ddbScmPath at . is up-to-date
09:37:20.747 [main] DEBUG ScriptUtils - sysExec command: git branch
09:37:20.771 [main] DEBUG ScriptUtils -   Working Directory: .
09:37:20.964 [main] DEBUG ScriptUtils - rc     : 0
09:37:20.964 [main] DEBUG ScriptUtils - stdout : * master

09:37:20.965 [main] INFO  deployPackager - Current git branch is master
09:37:20.966 [main] DEBUG ScriptUtils - sysExec command: git branch
09:37:20.967 [main] DEBUG ScriptUtils -   Working Directory: .
09:37:21.121 [main] DEBUG ScriptUtils - rc     : 0
09:37:21.121 [main] DEBUG ScriptUtils - stdout : * master

09:37:21.122 [main] INFO  deployPackager - Current git branch is master
09:37:21.124 [main] DEBUG deployPackager - already on branch master
09:37:21.124 [main] DEBUG ScriptUtils - sysExec command: git check-ignore --verbose daticaldb.log
09:37:21.124 [main] DEBUG ScriptUtils -   Working Directory: .
09:37:21.265 [main] DEBUG ScriptUtils - rc     : 0
09:37:21.266 [main] DEBUG ScriptUtils - stdout : .gitignore:10:*.log	daticaldb.log

09:37:21.266 [main] DEBUG deployPackager - Running git status for ddbScmPath at .
09:37:21.267 [main] DEBUG ScriptUtils - sysExec command: git status
09:37:21.267 [main] DEBUG ScriptUtils -   Working Directory: .
09:37:21.463 [main] DEBUG ScriptUtils - rc     : 0
09:37:21.463 [main] DEBUG ScriptUtils - stdout : On branch master
Your branch is up-to-date with 'origin/master'.
nothing to commit, working directory clean

09:37:21.464 [main] INFO  deployPackager - Local Git repo ddbScmPath at . is now on branch master
09:37:21.465 [main] INFO  deployPackager - Local Git repo ddbScmPath at . is up-to-date
09:37:21.466 [main] INFO  deployPackager - Getting latest revisions for 'git' working copy '.'
09:37:21.467 [main] DEBUG ScriptUtils - sysExec command: git pull
09:37:21.467 [main] DEBUG ScriptUtils -   Working Directory: .
09:37:23.294 [main] DEBUG ScriptUtils - rc     : 0
09:37:23.294 [main] DEBUG ScriptUtils - stdout : Already up-to-date.

09:37:23.317 [main] DEBUG deployPackager - here:  null returning sqlScmLastImportID
09:37:23.318 [main] INFO  deployPackager - PACKAGER PROPERTIES:
09:37:23.318 [main] INFO  deployPackager -   ddbScmBranch         : 'master'
09:37:23.318 [main] INFO  deployPackager -   ddbScmLastImportID   : '266fde8a07d244ed51a64dba912a7956e20c8b56'
09:37:23.318 [main] INFO  deployPackager -   ddbScmPath           : '.'
09:37:23.319 [main] INFO  deployPackager -   ddbScmSystem         : 'git'
09:37:23.319 [main] INFO  deployPackager -   sqlScmLastImportID   : '6f58daa472f5544a9f9711a9411dad36644a50fb'
09:37:23.319 [main] INFO  deployPackager -   sqlScmPath           : 'C:\Users\Bill\git\DaticalSQL'
09:37:23.319 [main] INFO  deployPackager -   sqlScmSQLBaseDir     : 'sql_code'
09:37:23.320 [main] INFO  deployPackager -   sqlScmSystem         : 'git'
09:37:23.320 [main] INFO  deployPackager - 
09:37:23.321 [main] INFO  deployPackager - ARGS PRE-CHECKS:
09:37:23.321 [main] INFO  deployPackager -   Using scm as defined in deployPackager.properties
09:37:23.321 [main] INFO  deployPackager - 
09:37:23.322 [main] INFO  deployPackager - PROJECT PRE-CHECKS:
09:37:23.323 [main] INFO  deployPackager -   In a Datical DB Project.
09:37:23.497 [main] INFO  deployPackager -   Pipeline is valid.
09:37:23.535 [main] INFO  SchemaExpander - Schema names DO NOT HAVE properties
09:37:23.537 [main] INFO  SchemaExpander - The project DeployPackager has no unexpanded schema names
09:37:23.537 [main] INFO  deployPackager - 
09:37:23.538 [main] INFO  deployPackager - BRANCH SPECIFICATION PRE-CHECKS:
09:37:23.538 [main] DEBUG deployPackager - sqlBranch: null, ddbBranch: master
09:37:23.538 [main] DEBUG deployPackager - sqlRepo: C:\Users\Bill\git\DaticalSQL, ddbRepo: .
09:37:23.538 [main] INFO  deployPackager - 
09:37:23.539 [main] DEBUG deployPackager - Running git status for sqlScmPath at C:\Users\Bill\git\DaticalSQL
09:37:23.539 [main] DEBUG ScriptUtils - sysExec command: git status
09:37:23.540 [main] DEBUG ScriptUtils -   Working Directory: C:\Users\Bill\git\DaticalSQL
09:37:23.709 [main] DEBUG ScriptUtils - rc     : 0
09:37:23.709 [main] DEBUG ScriptUtils - stdout : On branch master
Your branch is up-to-date with 'origin/master'.
nothing to commit, working directory clean

09:37:23.710 [main] INFO  deployPackager - Local Git repo sqlScmPath at C:\Users\Bill\git\DaticalSQL is now on branch master
09:37:23.710 [main] INFO  deployPackager - Local Git repo sqlScmPath at C:\Users\Bill\git\DaticalSQL is up-to-date
09:37:23.710 [main] INFO  deployPackager - Getting latest revisions for 'git' working copy 'C:\Users\Bill\git\DaticalSQL'
09:37:23.710 [main] DEBUG ScriptUtils - sysExec command: git pull
09:37:23.711 [main] DEBUG ScriptUtils -   Working Directory: C:\Users\Bill\git\DaticalSQL
09:37:25.294 [main] DEBUG ScriptUtils - rc     : 0
09:37:25.294 [main] DEBUG ScriptUtils - stdout : Already up-to-date.

09:37:25.309 [main] DEBUG deployPackager - PackagerMetadata constructed with topDir of C:\Users\Bill\git\DaticalSQL\sql_code
09:37:25.309 [main] DEBUG deployPackager - getting 'git' scm info in 'C:\Users\Bill\git\DaticalSQL' only in dir 'sql_code' since 6f58daa472f5544a9f9711a9411dad36644a50fb
09:37:25.310 [main] DEBUG deployPackager - scmWorkingDir: C:\Users\Bill\git\DaticalSQL
09:37:25.310 [main] DEBUG deployPackager - interestingDir: sql_code
09:37:25.311 [main] DEBUG deployPackager - lastImportId is 6f58daa472f5544a9f9711a9411dad36644a50fb
09:37:25.312 [main] DEBUG ScriptUtils - sysExec command: git log --reverse --pretty=format:'%h, %an, %s' --abbrev-commit 6f58daa472f5544a9f9711a9411dad36644a50fb..HEAD
09:37:25.312 [main] DEBUG ScriptUtils -   Working Directory: C:\Users\Bill\git\DaticalSQL
09:37:25.423 [main] DEBUG ScriptUtils - rc     : 0
09:37:25.423 [main] DEBUG ScriptUtils - stdout : 'aab30b5, bbaker27, adding sql2'

09:37:25.431 [main] DEBUG ScriptUtils - sysExec command: git show --name-status --pretty=format:'%h, %an, %s' aab30b5
09:37:25.431 [main] DEBUG ScriptUtils -   Working Directory: C:\Users\Bill\git\DaticalSQL
09:37:25.521 [main] DEBUG ScriptUtils - rc     : 0
09:37:25.522 [main] DEBUG ScriptUtils - stdout : 'aab30b5, bbaker27, adding sql2'
A	sql_code/data_dml/select_from_dual2.sql

09:37:25.527 [main] DEBUG deployPackager - parsed line A	sql_code/data_dml/select_from_dual2.sql scmOperation added and file sql_code/data_dml/select_from_dual2.sql
09:37:25.529 [main] DEBUG SCMUtils - Qualified sub-directory candidate is sql_code\data_dml\select_from_dual2.sql
09:37:25.533 [main] DEBUG SCMUtils - Should file 'sql_code\data_dml\select_from_dual2.sql' be processed? interesting dir = sql_code
09:37:25.534 [main] DEBUG SCMUtils -   sql_code\data_dml\select_from_dual2.sql should be processed
09:37:25.534 [main] DEBUG deployPackager - Packaging file object: sql_code/data_dml/select_from_dual2.sql
09:37:25.537 [main] DEBUG SCMUtils -  checking to see if sql_code\data_dml\select_from_dual2.sql is already mentioned in item aab30b5
09:37:25.541 [main] DEBUG SCMUtils - Assigned labels: [] to file sql_code/data_dml/select_from_dual2.sql
09:37:25.541 [main] DEBUG SCMUtils -  is there a rollback file for C:\Users\Bill\git\DaticalSQL\sql_code\data_dml\select_from_dual2.sql ?
09:37:25.548 [main] DEBUG SCMUtils -     nope, no rollback file
09:37:25.552 [main] DEBUG SCMUtils - Running git show --follow for aab30b5 : sql_code/data_dml/select_from_dual2.sql
09:37:25.552 [main] DEBUG ScriptUtils - sysExec command: git show --follow aab30b5 sql_code/data_dml/select_from_dual2.sql
09:37:25.552 [main] DEBUG ScriptUtils -   Working Directory: C:\Users\Bill\git\DaticalSQL
09:37:25.674 [main] DEBUG ScriptUtils - rc     : 0
09:37:25.674 [main] DEBUG ScriptUtils - stdout : commit aab30b553e0393b336ce9f4e9a146011558939a1
Author: bbaker27 <bbaker@datical.com>
Date:   Thu Sep 22 18:48:41 2016 -0500

    adding sql2

diff --git a/sql_code/data_dml/select_from_dual.sql b/sql_code/data_dml/select_from_dual2.sql
similarity index 100%
copy from sql_code/data_dml/select_from_dual.sql
copy to sql_code/data_dml/select_from_dual2.sql

09:37:25.674 [main] DEBUG SCMUtils - Output from git show --follow commit aab30b553e0393b336ce9f4e9a146011558939a1
Author: bbaker27 <bbaker@datical.com>
Date:   Thu Sep 22 18:48:41 2016 -0500

    adding sql2

diff --git a/sql_code/data_dml/select_from_dual.sql b/sql_code/data_dml/select_from_dual2.sql
similarity index 100%
copy from sql_code/data_dml/select_from_dual.sql
copy to sql_code/data_dml/select_from_dual2.sql

09:37:25.677 [main] INFO  SCMUtils - Processed renamed file information for sql_code/data_dml/select_from_dual2.sql
09:37:25.677 [main] DEBUG SCMUtils - scmGetRenameInfo returned: [needNew:true, scmFile:sql_code/data_dml/select_from_dual2.sql, scmAuthor:bbaker27, filename:C:\Users\Bill\git\DaticalSQL\sql_code\data_dml\select_from_dual2.sql, scmOperation:added, labels:[], type:data_dml, action:sqlfile, order:8, renamedFile:null, newFile:null]
09:37:25.678 [main] DEBUG SCMUtils - Is this a rename operation and do we have both renamedFile and newFile names ? [needNew:true, scmFile:sql_code/data_dml/select_from_dual2.sql, scmAuthor:bbaker27, filename:C:\Users\Bill\git\DaticalSQL\sql_code\data_dml\select_from_dual2.sql, scmOperation:added, labels:[], type:data_dml, action:sqlfile, order:8, renamedFile:null, newFile:null]: NO
09:37:25.678 [main] DEBUG SCMUtils - The item [needNew:true, scmFile:sql_code/data_dml/select_from_dual2.sql, scmAuthor:bbaker27, filename:C:\Users\Bill\git\DaticalSQL\sql_code\data_dml\select_from_dual2.sql, scmOperation:added, labels:[], type:data_dml, action:sqlfile, order:8, renamedFile:null, newFile:null]
09:37:25.678 [main] DEBUG SCMUtils - is not a rename operation
09:37:25.692 [main] DEBUG SCMUtils - Current labels for key sql_code/data_dml/select_from_dual2.sql are now 
09:37:25.693 [main] DEBUG SCMUtils - addToDropMapIfNeeded analyzing: added [needNew:true, scmFile:sql_code/data_dml/select_from_dual2.sql, scmAuthor:bbaker27, filename:C:\Users\Bill\git\DaticalSQL\sql_code\data_dml\select_from_dual2.sql, scmOperation:added, labels:[], type:data_dml, action:sqlfile, order:8, renamedFile:null, newFile:null]
09:37:25.700 [main] INFO  deployPackager - SQL SCM:
09:37:25.706 [main] INFO  deployPackager -   Found 1 items with 1 files to package. There are 0 stored logic drops.
09:37:25.706 [main] INFO  deployPackager -   ID         AUTHOR               COMMENT                        LABELS
09:37:25.712 [main] INFO  deployPackager -   aab30b5    bbaker27             adding sql2                    []
09:37:25.712 [main] INFO  deployPackager -   Item id aab30b5 has 1 files not already noted
09:37:25.712 [main] INFO  deployPackager -      TYPE       ACTION     FILENAME/ROLLBACKFILE
09:37:25.715 [main] INFO  deployPackager -      data_dml   sqlfile    C:\Users\Bill\git\DaticalSQL\sql_code\data_dml\select_from_dual2.sql
09:37:25.715 [main] INFO  deployPackager -                            -no rollback found-
09:37:25.715 [main] INFO  deployPackager - DATICAL PROJECT:
09:37:25.716 [main] INFO  deployPackager -   name:               DeployPackager
09:37:25.716 [main] INFO  deployPackager -   pipeline:           Sep_2016
09:37:25.716 [main] INFO  deployPackager -   reference:          DEV
09:37:25.716 [main] INFO  deployPackager -   vendor:             oracle
09:37:25.716 [main] INFO  deployPackager - --------------------------------------------------
09:37:25.716 [main] INFO  deployPackager -  RUNNING SQL Rules
09:37:25.716 [main] INFO  deployPackager - --------------------------------------------------
09:37:25.720 [main] INFO  deployPackager -   Checking SQL Rules for File: C:\Users\Bill\git\DaticalSQL\sql_code\data_dml\select_from_dual2.sql
09:37:25.721 [main] INFO  deployPackager - 
09:37:25.721 [main] INFO  deployPackager - command: hammer runRules 
09:37:25.721 [main] INFO  deployPackager - C:\Users\Bill\git\DaticalSQL\sql_code\data_dml\select_from_dual2.sql 
09:37:25.721 [main] INFO  deployPackager - 

09:37:25.832 [main] DEBUG o.drools.core.impl.KnowledgeBaseImpl - Starting Engine in RETEOO mode
09:37:26.501 [main] INFO  deployPackager - runRules successful for SQL file 'C:\Users\Bill\git\DaticalSQL\sql_code\data_dml\select_from_dual2.sql'
09:37:26.501 [main] INFO  deployPackager - PASSES SQL Rules!
09:37:26.502 [main] INFO  deployPackager - ==================================================
09:37:26.503 [main] INFO  deployPackager - DATICALDB: BACKUP Database: DEV
09:37:26.503 [main] INFO  deployPackager - ==================================================
09:37:26.504 [main] WARN  deployPackager - Property databaseBackupRestoreLocation not set in deployPackager.properties
09:37:26.504 [main] INFO  deployPackager - BACKING UP DATABASE: backup=DEV.dmp
09:37:27.178 [main] DEBUG database_backup_restore - script started at Fri Sep 23 09:37:27 CDT 2016
09:37:27.179 [main] DEBUG database_backup_restore - parameter count = 2
09:37:27.181 [main] INFO  database_backup_restore - 
***** Project Variables *****

09:37:27.242 [main] INFO  database_backup_restore -    Project:             DeployPackager
09:37:27.263 [main] INFO  database_backup_restore -    Description:         null
09:37:27.284 [main] INFO  database_backup_restore -    Current directory:   C:\Users\Bill\datical\DeployPackager
09:37:27.285 [main] INFO  database_backup_restore -    Install Dir Path:    C:\Users\Bill\DaticalDB_4.2.3218
09:37:27.294 [main] INFO  database_backup_restore -    Hammer Path:         C:\Users\Bill\DaticalDB_4.2.3218\repl
09:37:27.295 [main] INFO  database_backup_restore -    Launcher Path:       C:\Users\Bill\DaticalDB_4.2.3218\repl\hammer.bat
09:37:27.295 [main] INFO  database_backup_restore -    Groovy Script Dir:   C:\Users\Bill\DaticalDB_4.2.3218\repl\scripts
09:37:27.296 [main] INFO  database_backup_restore -    Groovy Script Path:  C:\Users\Bill\DaticalDB_4.2.3218\repl\scripts\database_backup_restore.groovy
09:37:27.297 [main] INFO  database_backup_restore - 
***** Get the database connection information *****

09:37:27.298 [main] INFO  database_backup_restore -    pipeline:    Sep_2016
09:37:27.300 [main] INFO  database_backup_restore - Found the DB Def (DEV) in the project.
09:37:27.301 [main] INFO  database_backup_restore - 
09:37:27.302 [main] INFO  database_backup_restore - Database Type: oracle
09:37:27.304 [main] DEBUG database_backup_restore - args: DEV, backup=DEV.dmp
09:37:27.304 [main] INFO  database_backup_restore - 
***** Script Parameters *****

09:37:27.304 [main] INFO  database_backup_restore -    Db Def Name:       DEV
09:37:27.304 [main] INFO  database_backup_restore -    Backup:            true
09:37:27.305 [main] INFO  database_backup_restore -      Backup File:     DEV.dmp
09:37:27.306 [main] INFO  database_backup_restore -      Backup Log File: DEV.log
09:37:27.306 [main] INFO  database_backup_restore -    Restore:           false
09:37:27.307 [main] INFO  SchemaExpander - Schema names DO NOT HAVE properties
09:37:27.308 [main] INFO  SchemaExpander - The project DeployPackager has no unexpanded schema names
09:37:27.312 [main] INFO  database_backup_restore - Adding the dbDef default schema name DP1 to the schemas list
09:37:27.313 [main] INFO  database_backup_restore - Schemas list: [DP1]
09:37:27.328 [main] INFO  database_backup_restore - Operating on the following schema(s): DP1
09:37:27.329 [main] INFO  database_backup_restore - 
***** Checking for common problems *****

09:37:27.658 [main] DEBUG database_backup_restore - Found expdp command.
09:37:28.230 [main] DEBUG database_backup_restore - Found impdp command.
09:37:28.230 [main] INFO  database_backup_restore - Checking for drivers
09:37:28.456 [main] INFO  database_backup_restore - Drivers setup correctly.

09:37:28.457 [main] DEBUG database_backup_restore - username = datical_user
09:37:28.457 [main] DEBUG database_backup_restore - defaultSchema = DP1
09:37:28.916 [main] INFO  database_backup_restore - Created database connection to database in dbDef DEV.
09:37:28.951 [main] INFO  database_backup_restore - Directory path not specified, defaulting to Oracle DIRECTORY (DATA_PUMP_DIR)
09:37:28.964 [main] INFO  database_backup_restore - 
***** Exporting schema DEV with user datical_user. DEV.dmp
09:37:28.969 [main] INFO  database_backup_restore - executing expdp command:
   expdp datical_user/***********************@localhost:1521/orcl estimate=statistics reuse_dumpfiles=y schemas=DP1 directory=DATA_PUMP_DIR dumpfile=DEV.dmp logfile=DEV.log job_name=datical_pkg_20160923_093727_export parallel=4 exclude=statistics cluster=n
09:38:09.073 [main] INFO  database_backup_restore - 
09:38:09.074 [main] INFO  database_backup_restore - 
Successfully exported the schema(s) (DP1) to the specified backup file: DEV.dmp
09:38:09.074 [main] DEBUG database_backup_restore - Closing database connection.
09:38:09.089 [main] INFO  database_backup_restore - 
09:38:09.090 [main] INFO  database_backup_restore - Script started: Fri Sep 23 09:37:27 CDT 2016
09:38:09.090 [main] INFO  database_backup_restore -       finished: Fri Sep 23 09:38:09 CDT 2016
09:38:09.090 [main] INFO  database_backup_restore -   elapsed time: 41.900 seconds
09:38:09.091 [main] INFO  database_backup_restore - ***** database_backup_restore completed successfully. *****

09:38:09.092 [main] INFO  deployPackager - Backup of database 'DEV' successful
09:38:09.093 [main] INFO  deployPackager - --------------------------------------------------
09:38:09.094 [main] INFO  deployPackager -  STARTING DEPLOY PACKAGER
09:38:09.094 [main] INFO  deployPackager - --------------------------------------------------
09:38:09.141 [main] WARN  deployPackager - There are no labels keys in the properties file C:\Users\Bill\git\DaticalSQL\sql_code\data_dml\metadata.properties.

09:38:09.141 [main] WARN  deployPackager - There are no contexts keys in the properties file C:\Users\Bill\git\DaticalSQL\sql_code\data_dml\metadata.properties.

09:38:09.152 [main] INFO  deployPackager - Loaded properties from file C:\Users\Bill\git\DaticalSQL\sql_code\data_dml\metadata.properties
09:38:09.157 [main] DEBUG deployPackager - Combined labels are: TEST_TABLE
09:38:09.160 [main] DEBUG deployPackager - considering SQL file C:\Users\Bill\git\DaticalSQL\sql_code\data_dml\select_from_dual2.sql
09:38:09.161 [main] INFO  deployPackager -     DEPLOY_FILE:   C:\Users\Bill\git\DaticalSQL\sql_code\data_dml\select_from_dual2.sql
09:38:09.162 [main] INFO  deployPackager -     ROLLBACK_FILE: null
09:38:09.938 [main] INFO  deployPackager -       SUCCESS deployPackagerNative
09:38:09.938 [main] INFO  deployPackager -               ID       :TEST_TABLE
09:38:09.938 [main] INFO  deployPackager -               AUTHOR   :bbaker27
09:38:09.939 [main] INFO  deployPackager -               COMMENT  :adding sql2
09:38:09.939 [main] INFO  deployPackager -               DEPLOY   :C:\Users\Bill\git\DaticalSQL\sql_code\data_dml\select_from_dual2.sql
09:38:09.939 [main] INFO  deployPackager -               ROLLBACK :null
09:38:09.939 [main] INFO  deployPackager - ------------------------------------------
09:38:09.940 [main] INFO  deployPackager - RETURN CODE from packaging:0
09:38:09.955 [main] INFO  deployPackager - --------------------------------------------------
09:38:09.955 [main] INFO  deployPackager -  FORECAST Deploy Packager 
09:38:09.955 [main] INFO  deployPackager - --------------------------------------------------
09:38:09.958 [main] INFO  deployPackager - The reference DB labels are: $all
09:38:09.959 [main] INFO  deployPackager - The reference DB contexts are: DEV
09:38:09.968 [main] DEBUG o.drools.core.impl.KnowledgeBaseImpl - Starting Engine in RETEOO mode
09:38:10.056 [main] DEBUG c.d.h.c.c.DatabaseBuilder - createDatabaseObject
09:38:10.293 [main] DEBUG c.d.h.c.c.DatabaseBuilder - attempting to load driver oracle.jdbc.OracleDriver using OSGi DriverConsumer
09:38:10.293 [main] DEBUG c.d.h.c.c.DatabaseBuilder - driverObject is 'oracle.jdbc.OracleDriver'
09:38:10.377 [main] DEBUG c.d.h.c.c.DatabaseBuilder - connection successful
09:38:13.584 [main] DEBUG c.d.h.c.c.DatabaseBuilder - Open 1 : jdbc:oracle:thin:@//localhost:1521/orcl successful connection to database URL jdbc:oracle:thin:@//localhost:1521/orcl
09:38:13.603 [main] INFO  c.d.h.c.f.ForecastJobObjectCreator - Creating job object at Fri Sep 23 09:38:13 CDT 2016
09:38:13.603 [main] DEBUG c.d.hammer.core.utils.SimpleTimer - Beginning: Create ForecastJobObject
09:38:13.604 [main] DEBUG c.d.hammer.core.utils.SimpleTimer - Beginning: get list of changesets both to run and have run
09:38:13.927 [main] DEBUG c.d.hammer.core.utils.SimpleTimer -    get list of changesets both to run and have run took     0.3222 seconds
09:38:13.929 [main] DEBUG c.d.hammer.core.utils.SimpleTimer - Beginning: Generate Update SQL
09:38:14.041 [main] DEBUG c.d.hammer.core.utils.SimpleTimer -                                Generate Update SQL took     0.1118 seconds
09:38:14.045 [main] INFO  c.d.h.c.f.ForecastJobObjectCreator - Job object created at Fri Sep 23 09:38:14 CDT 2016
09:38:14.045 [main] DEBUG c.d.hammer.core.utils.SimpleTimer -                           Create ForecastJobObject took     0.4418 seconds
09:38:14.045 [main] DEBUG c.d.hammer.core.utils.SimpleTimer - Beginning: jobService.takeProfile()
09:38:14.055 [main] INFO  c.d.h.c.p.s.DaticalDbProfileService - Starting profiling of [DP1]: Fri Sep 23 09:38:14 CDT 2016
09:38:14.672 [Thread-35] INFO  c.d.h.c.p.service.ProfileRunnable - Profiling [DP1]: Fri Sep 23 09:38:14 CDT 2016
09:38:14.673 [Thread-35] DEBUG c.d.hammer.core.utils.SimpleTimer - Beginning: gatherTableProfiles
09:38:14.673 [Thread-35] DEBUG c.d.hammer.core.utils.SimpleTimer - Beginning: getTableDescriptions
09:38:14.890 [Thread-35] DEBUG c.d.hammer.core.utils.SimpleTimer -                               getTableDescriptions took     0.2172 seconds
09:38:14.890 [Thread-35] DEBUG c.d.hammer.core.utils.SimpleTimer - Beginning: get detailed info for all tables
09:38:14.890 [Thread-35] DEBUG c.d.hammer.core.utils.SimpleTimer - Beginning: getUniqueConstraints (for whole schema)
09:38:15.411 [Thread-35] DEBUG c.d.hammer.core.utils.SimpleTimer -            getUniqueConstraints (for whole schema) took     0.5211 seconds
09:38:15.412 [Thread-35] DEBUG c.d.hammer.core.utils.SimpleTimer - Beginning: tableInfo for DATABASECHANGELOG
09:38:15.412 [Thread-35] DEBUG c.d.hammer.core.utils.SimpleTimer -                    tableInfo for DATABASECHANGELOG took     0.0001 seconds
09:38:15.412 [Thread-35] DEBUG c.d.hammer.core.utils.SimpleTimer - Beginning: tableInfo for DATABASECHANGELOGLOCK
09:38:15.412 [Thread-35] DEBUG c.d.hammer.core.utils.SimpleTimer -                tableInfo for DATABASECHANGELOGLOCK took     0.0001 seconds
09:38:15.412 [Thread-35] DEBUG c.d.hammer.core.utils.SimpleTimer -                   get detailed info for all tables took     0.5220 seconds
09:38:15.418 [Thread-35] DEBUG c.d.h.c.p.service.DbProfileHelper - 
DP1 Gathered row counts for 2 tables
09:38:15.418 [Thread-35] DEBUG c.d.h.c.p.service.DbProfileHelper - 
DP1 Gathered profile information for 2 tables
09:38:15.418 [Thread-35] DEBUG c.d.hammer.core.utils.SimpleTimer -                                gatherTableProfiles took     0.7453 seconds
09:38:15.418 [Thread-35] DEBUG c.d.hammer.core.utils.SimpleTimer - Beginning: addViews
09:38:15.636 [Thread-35] DEBUG c.d.hammer.core.utils.SimpleTimer -                                           addViews took     0.2172 seconds
09:38:15.636 [Thread-35] DEBUG c.d.hammer.core.utils.SimpleTimer - Beginning: addProcedures
09:38:15.702 [Thread-35] DEBUG c.d.hammer.core.utils.SimpleTimer -                                      addProcedures took     0.0662 seconds
09:38:15.702 [Thread-35] DEBUG c.d.hammer.core.utils.SimpleTimer - Beginning: addFunctions
09:38:15.774 [Thread-35] DEBUG c.d.hammer.core.utils.SimpleTimer -                                       addFunctions took     0.0710 seconds
09:38:15.774 [Thread-35] DEBUG c.d.hammer.core.utils.SimpleTimer - Beginning: addPackages
09:38:15.907 [Thread-35] DEBUG c.d.hammer.core.utils.SimpleTimer -                                        addPackages took     0.1332 seconds
09:38:15.907 [Thread-35] DEBUG c.d.hammer.core.utils.SimpleTimer - Beginning: addSynonyms
09:38:16.390 [Thread-35] DEBUG c.d.hammer.core.utils.SimpleTimer -                                        addSynonyms took     0.4823 seconds
09:38:16.390 [Thread-35] DEBUG c.d.hammer.core.utils.SimpleTimer - Beginning: addSequences
09:38:16.400 [Thread-35] DEBUG c.d.hammer.core.utils.SimpleTimer -                                       addSequences took     0.0098 seconds
09:38:16.400 [Thread-35] INFO  c.d.h.c.p.service.ProfileRunnable - Completed profiling [DP1]: Fri Sep 23 09:38:16 CDT 2016
09:38:16.655 [main] INFO  c.d.h.c.p.s.DaticalDbProfileService - Ending profiling of [DP1]: Fri Sep 23 09:38:16 CDT 2016
09:38:16.656 [main] DEBUG c.d.hammer.core.utils.SimpleTimer -                           jobService.takeProfile() took     2.6104 seconds
09:38:16.656 [main] INFO  c.d.h.c.f.ForecastJobObjectCreator - Finished taking profile at Fri Sep 23 09:38:16 CDT 2016
09:38:16.660 [main] DEBUG o.drools.core.impl.KnowledgeBaseImpl - Starting Engine in RETEOO mode
09:38:16.671 [main] INFO  c.d.h.c.f.rules.PreForecastRules - Loaded rules from classpath preForecast-multiSchemaRules.drl
09:38:17.424 [main] DEBUG o.drools.core.impl.KnowledgeBaseImpl - Starting Engine in RETEOO mode
09:38:17.657 [main] DEBUG o.drools.core.impl.KnowledgeBaseImpl - Starting Engine in RETEOO mode
09:38:18.204 [main] INFO  c.d.h.c.f.rules.PreForecastRules - There were 0 rules fired
09:38:20.207 [main] WARN  c.d.h.c.f.DaticalDbForecastService - Forecast for context (dev) detected the following problems:
09:38:20.208 [main] WARN  c.d.h.c.f.DaticalDbForecastService - 20160923093809740_select_from_dual2 bbaker27 : Execute SQL from file 'sql/20160923093809740_select_from_dual2.sql' - Will not be forecast:
Execute SQL from file 'sql/20160923093809740_select_from_dual2.sql'.
09:38:20.213 [main] DEBUG c.d.h.core.reporting.ReportUtils - Creating forecast report in folder C:\Users\Bill\datical\DeployPackager\Reports\2016\09-Sep\DEV\forecast_DEV_20160923_093809 with templateName forecast and properties {}
09:38:20.248 [main] INFO  c.d.h.c.r.ReportServiceImpl - Updating report templates for C:\Users\Bill\datical\DeployPackager\templates\forecast
09:38:20.248 [main] INFO  c.d.h.c.r.ReportServiceImpl - Updating report templates for C:\Users\Bill\datical\DeployPackager\templates\deploy
09:38:20.294 [main] DEBUG c.d.h.core.reporting.ReportUtils - Initializing Velocity with properties {file.resource.loader.path=templates, ${HOME}/templates,null, file.resource.loader.class=org.apache.velocity.runtime.resource.loader.FileResourceLoader, resource.loader=file, runtime.log=${HOME}/velocity.log, file.resource.loader.description=Velocity File Resource Loader}
09:38:20.621 [main] DEBUG c.d.h.c.c.DatabaseBuilder - Close 0 : jdbc:oracle:thin:@//localhost:1521/orcl
09:38:20.621 [main] INFO  deployPackager -   RC    : 0
09:38:20.622 [main] INFO  deployPackager - FORECAST Successful.
09:38:20.622 [main] INFO  deployPackager - --------------------------------------------------
09:38:20.622 [main] INFO  deployPackager -  DEPLOY PACKAGED CHANGES
09:38:20.622 [main] INFO  deployPackager - --------------------------------------------------
09:38:20.623 [main] INFO  deployPackager - The reference DB labels are: $all
09:38:20.623 [main] INFO  deployPackager - The reference DB contexts are: DEV
09:38:20.628 [main] DEBUG c.d.h.c.c.DatabaseBuilder - createDatabaseObject
09:38:20.628 [main] DEBUG c.d.h.c.c.DatabaseBuilder - attempting to load driver oracle.jdbc.OracleDriver using OSGi DriverConsumer
09:38:20.628 [main] DEBUG c.d.h.c.c.DatabaseBuilder - driverObject is 'oracle.jdbc.OracleDriver'
09:38:20.675 [main] DEBUG c.d.h.c.c.DatabaseBuilder - connection successful
09:38:20.857 [main] DEBUG c.d.h.c.c.DatabaseBuilder - Open 1 : jdbc:oracle:thin:@//localhost:1521/orcl successful connection to database URL jdbc:oracle:thin:@//localhost:1521/orcl
09:38:21.042 [main] INFO  c.d.h.c.f.ForecastJobObjectCreator - Creating job object at Fri Sep 23 09:38:21 CDT 2016
09:38:21.042 [main] DEBUG c.d.hammer.core.utils.SimpleTimer - Beginning: Create ForecastJobObject
09:38:21.042 [main] DEBUG c.d.hammer.core.utils.SimpleTimer - Beginning: get list of changesets both to run and have run
09:38:21.188 [main] DEBUG c.d.hammer.core.utils.SimpleTimer -    get list of changesets both to run and have run took     0.1465 seconds
09:38:21.190 [main] DEBUG c.d.hammer.core.utils.SimpleTimer - Beginning: Generate Update SQL
09:38:21.327 [main] DEBUG c.d.hammer.core.utils.SimpleTimer -                                Generate Update SQL took     0.1367 seconds
09:38:21.331 [main] INFO  c.d.h.c.f.ForecastJobObjectCreator - Job object created at Fri Sep 23 09:38:21 CDT 2016
09:38:21.331 [main] DEBUG c.d.hammer.core.utils.SimpleTimer -                           Create ForecastJobObject took     0.2897 seconds
09:38:21.332 [main] DEBUG c.d.hammer.core.utils.SimpleTimer - Beginning: jobService.takeProfile()
09:38:21.332 [main] INFO  c.d.h.c.p.s.DaticalDbProfileService - Starting profiling of [DP1]: Fri Sep 23 09:38:21 CDT 2016
09:38:21.443 [Thread-36] INFO  c.d.h.c.p.service.ProfileRunnable - Profiling [DP1]: Fri Sep 23 09:38:21 CDT 2016
09:38:21.443 [Thread-36] DEBUG c.d.hammer.core.utils.SimpleTimer - Beginning: gatherTableProfiles
09:38:21.443 [Thread-36] DEBUG c.d.hammer.core.utils.SimpleTimer - Beginning: getTableDescriptions
09:38:21.503 [Thread-36] DEBUG c.d.hammer.core.utils.SimpleTimer -                               getTableDescriptions took     0.0599 seconds
09:38:21.503 [Thread-36] DEBUG c.d.hammer.core.utils.SimpleTimer - Beginning: get detailed info for all tables
09:38:21.503 [Thread-36] DEBUG c.d.hammer.core.utils.SimpleTimer - Beginning: getUniqueConstraints (for whole schema)
09:38:21.561 [Thread-36] DEBUG c.d.hammer.core.utils.SimpleTimer -            getUniqueConstraints (for whole schema) took     0.0576 seconds
09:38:21.561 [Thread-36] DEBUG c.d.hammer.core.utils.SimpleTimer - Beginning: tableInfo for DATABASECHANGELOG
09:38:21.561 [Thread-36] DEBUG c.d.hammer.core.utils.SimpleTimer -                    tableInfo for DATABASECHANGELOG took     0.0001 seconds
09:38:21.562 [Thread-36] DEBUG c.d.hammer.core.utils.SimpleTimer - Beginning: tableInfo for DATABASECHANGELOGLOCK
09:38:21.562 [Thread-36] DEBUG c.d.hammer.core.utils.SimpleTimer -                tableInfo for DATABASECHANGELOGLOCK took     0.0001 seconds
09:38:21.562 [Thread-36] DEBUG c.d.hammer.core.utils.SimpleTimer -                   get detailed info for all tables took     0.0586 seconds
09:38:21.565 [Thread-36] DEBUG c.d.h.c.p.service.DbProfileHelper - 
DP1 Gathered row counts for 2 tables
09:38:21.565 [Thread-36] DEBUG c.d.h.c.p.service.DbProfileHelper - 
DP1 Gathered profile information for 2 tables
09:38:21.565 [Thread-36] DEBUG c.d.hammer.core.utils.SimpleTimer -                                gatherTableProfiles took     0.1224 seconds
09:38:21.566 [Thread-36] DEBUG c.d.hammer.core.utils.SimpleTimer - Beginning: addViews
09:38:21.620 [Thread-36] DEBUG c.d.hammer.core.utils.SimpleTimer -                                           addViews took     0.0547 seconds
09:38:21.621 [Thread-36] DEBUG c.d.hammer.core.utils.SimpleTimer - Beginning: addProcedures
09:38:21.622 [Thread-36] DEBUG c.d.hammer.core.utils.SimpleTimer -                                      addProcedures took     0.0012 seconds
09:38:21.622 [Thread-36] DEBUG c.d.hammer.core.utils.SimpleTimer - Beginning: addFunctions
09:38:21.623 [Thread-36] DEBUG c.d.hammer.core.utils.SimpleTimer -                                       addFunctions took     0.0011 seconds
09:38:21.624 [Thread-36] DEBUG c.d.hammer.core.utils.SimpleTimer - Beginning: addPackages
09:38:21.626 [Thread-36] DEBUG c.d.hammer.core.utils.SimpleTimer -                                        addPackages took     0.0024 seconds
09:38:21.626 [Thread-36] DEBUG c.d.hammer.core.utils.SimpleTimer - Beginning: addSynonyms
09:38:21.680 [Thread-36] DEBUG c.d.hammer.core.utils.SimpleTimer -                                        addSynonyms took     0.0534 seconds
09:38:21.680 [Thread-36] DEBUG c.d.hammer.core.utils.SimpleTimer - Beginning: addSequences
09:38:21.681 [Thread-36] DEBUG c.d.hammer.core.utils.SimpleTimer -                                       addSequences took     0.0011 seconds
09:38:21.681 [Thread-36] INFO  c.d.h.c.p.service.ProfileRunnable - Completed profiling [DP1]: Fri Sep 23 09:38:21 CDT 2016
09:38:22.007 [main] INFO  c.d.h.c.p.s.DaticalDbProfileService - Ending profiling of [DP1]: Fri Sep 23 09:38:22 CDT 2016
09:38:22.008 [main] DEBUG c.d.hammer.core.utils.SimpleTimer -                           jobService.takeProfile() took     0.6761 seconds
09:38:22.008 [main] INFO  c.d.h.c.f.ForecastJobObjectCreator - Finished taking profile at Fri Sep 23 09:38:22 CDT 2016
09:38:22.013 [main] DEBUG o.drools.core.impl.KnowledgeBaseImpl - Starting Engine in RETEOO mode
09:38:22.025 [main] INFO  c.d.h.c.f.rules.PreForecastRules - Loaded rules from classpath preForecast-multiSchemaRules.drl
09:38:22.101 [main] DEBUG o.drools.core.impl.KnowledgeBaseImpl - Starting Engine in RETEOO mode
09:38:22.453 [main] DEBUG o.drools.core.impl.KnowledgeBaseImpl - Starting Engine in RETEOO mode
09:38:22.854 [main] INFO  c.d.h.c.f.rules.PreForecastRules - There were 0 rules fired
09:38:24.381 [main] DEBUG c.d.h.c.m.LiquibaseSchemaMigrationService - setting SQL Plus spool location to
C:\Users\Bill\datical\DeployPackager\Reports\2016\09-Sep\DEV\deploy_DEV_20160923_093820
09:38:24.386 [main] DEBUG c.d.h.c.m.LiquibaseSchemaMigrationService - Liquibase log file is at:
C:\Users\Bill\datical\DeployPackager\Reports\2016\09-Sep\DEV\deploy_DEV_20160923_093820\DaticalLiquibase.log
09:38:24.388 [main] DEBUG c.d.hammer.core.utils.SimpleTimer - Beginning: Deploying to Liquibase
09:38:24.801 [main] DEBUG c.d.hammer.core.utils.SimpleTimer -                             Deploying to Liquibase took     0.4129 seconds
09:38:24.996 [main] DEBUG c.d.h.core.reporting.ReportUtils - Creating forecast report in folder C:\Users\Bill\datical\DeployPackager\Reports\2016\09-Sep\DEV\deploy_DEV_20160923_093820 with templateName deploy and properties {db2.driverClass=com.ibm.db2.jcc.DB2Driver, com.datical.jdbc.driverClass=com.datical.jdbc.oracle.DaticalOracleDriver}
09:38:25.020 [main] DEBUG c.d.h.core.reporting.ReportUtils - Initializing Velocity with properties {file.resource.loader.path=templates, ${HOME}/templates,null, file.resource.loader.class=org.apache.velocity.runtime.resource.loader.FileResourceLoader, resource.loader=file, runtime.log=${HOME}/velocity.log, file.resource.loader.description=Velocity File Resource Loader}
09:38:25.165 [main] DEBUG c.d.h.c.c.DatabaseBuilder - Close 0 : jdbc:oracle:thin:@//localhost:1521/orcl
09:38:25.165 [main] INFO  deployPackager -   RC    : 0
09:38:25.165 [main] INFO  deployPackager - Deployed Packaged Changes successfully!
09:38:25.169 [main] INFO  deployPackager - Created directory C:\Users\Bill\git\DaticalSQL\sql_code\archive
09:38:25.170 [main] INFO  deployPackager - Created directory C:\Users\Bill\git\DaticalSQL\sql_code\archive\data_dml
09:38:25.170 [main] INFO  deployPackager - Created directory C:\Users\Bill\git\DaticalSQL\sql_code\archive\ddl
09:38:25.171 [main] INFO  deployPackager - Created directory C:\Users\Bill\git\DaticalSQL\sql_code\archive\sql
09:38:25.171 [main] INFO  deployPackager - Created directory C:\Users\Bill\git\DaticalSQL\sql_code\archive\sqlplus
09:38:25.172 [main] INFO  deployPackager - Archive DDL and DML scripts
09:38:25.197 [main] INFO  deployPackager - Datical DB Deployment Packager has processed and archived the following files:
metadata.properties -> archive\data_dml\metadata.properties
select_from_dual.sql -> archive\data_dml\select_from_dual.sql
select_from_dual2.sql -> archive\data_dml\select_from_dual2.sql
metadata.properties -> archive\ddl\metadata.properties
metadata.properties -> archive\sql\metadata.properties
metadata.properties -> archive\sqlplus\metadata.properties
09:38:25.199 [main] INFO  deployPackager - Performing SCM remove for C:\Users\Bill\git\DaticalSQL\sql_code\data_dml
09:38:25.200 [main] INFO  deployPackager - Removing C:\Users\Bill\git\DaticalSQL\sql_code\data_dml files from git working copy C:\Users\Bill\git\DaticalSQL
09:38:25.201 [main] DEBUG ScriptUtils - sysExec command: git ls-files C:\Users\Bill\git\DaticalSQL\sql_code\data_dml
09:38:25.201 [main] DEBUG ScriptUtils -   Working Directory: C:\Users\Bill\git\DaticalSQL
09:38:25.465 [main] DEBUG ScriptUtils - rc     : 0
09:38:25.468 [main] DEBUG ScriptUtils - stdout : sql_code/data_dml/metadata.properties
sql_code/data_dml/select_from_dual.sql
sql_code/data_dml/select_from_dual2.sql

09:38:25.473 [main] DEBUG deployPackager - SCM working dir is C:\Users\Bill\git\DaticalSQL
09:38:25.474 [main] DEBUG deployPackager - Does the .gitignore file exist for directory C:\Users\Bill\git\DaticalSQL\sql_code\data_dml: NO
09:38:25.474 [main] DEBUG deployPackager - Trying to create .gitignore file C:\Users\Bill\git\DaticalSQL\sql_code\data_dml\.gitignore
09:38:25.476 [main] DEBUG deployPackager - Created .gitignore file C:\Users\Bill\git\DaticalSQL\sql_code\data_dml\.gitignore
09:38:25.476 [main] DEBUG deployPackager - SCM working dir is C:\Users\Bill\git\DaticalSQL
09:38:25.476 [main] DEBUG deployPackager - Does the .gitignore file exist for directory C:\Users\Bill\git\DaticalSQL\sql_code\data_dml: YES
09:38:25.476 [main] DEBUG deployPackager - SCM working dir is C:\Users\Bill\git\DaticalSQL
09:38:25.476 [main] DEBUG deployPackager - Does the .gitignore file exist for directory C:\Users\Bill\git\DaticalSQL\sql_code\data_dml: YES
09:38:25.495 [main] DEBUG deployPackager - Removing files: sql_code/data_dml/select_from_dual.sql sql_code/data_dml/select_from_dual2.sql
09:38:25.497 [main] DEBUG ScriptUtils - sysExec command: git rm sql_code/data_dml/select_from_dual.sql
09:38:25.498 [main] DEBUG ScriptUtils -   Working Directory: C:\Users\Bill\git\DaticalSQL
09:38:25.711 [main] DEBUG ScriptUtils - rc     : 0
09:38:25.711 [main] DEBUG ScriptUtils - stdout : rm 'sql_code/data_dml/select_from_dual.sql'

09:38:25.712 [main] DEBUG ScriptUtils - sysExec command: git rm sql_code/data_dml/select_from_dual2.sql
09:38:25.712 [main] DEBUG ScriptUtils -   Working Directory: C:\Users\Bill\git\DaticalSQL
09:38:25.880 [main] DEBUG ScriptUtils - rc     : 0
09:38:25.880 [main] DEBUG ScriptUtils - stdout : rm 'sql_code/data_dml/select_from_dual2.sql'

09:38:25.881 [main] DEBUG deployPackager - Successfully removed files: sql_code/data_dml/select_from_dual.sql sql_code/data_dml/select_from_dual2.sql
09:38:25.881 [main] INFO  deployPackager - Performing SCM remove for C:\Users\Bill\git\DaticalSQL\sql_code\ddl
09:38:25.881 [main] INFO  deployPackager - Removing C:\Users\Bill\git\DaticalSQL\sql_code\ddl files from git working copy C:\Users\Bill\git\DaticalSQL
09:38:25.882 [main] DEBUG ScriptUtils - sysExec command: git ls-files C:\Users\Bill\git\DaticalSQL\sql_code\ddl
09:38:25.882 [main] DEBUG ScriptUtils -   Working Directory: C:\Users\Bill\git\DaticalSQL
09:38:26.019 [main] DEBUG ScriptUtils - rc     : 0
09:38:26.020 [main] DEBUG ScriptUtils - stdout : sql_code/ddl/metadata.properties

09:38:26.020 [main] DEBUG deployPackager - SCM working dir is C:\Users\Bill\git\DaticalSQL
09:38:26.020 [main] DEBUG deployPackager - Does the .gitignore file exist for directory C:\Users\Bill\git\DaticalSQL\sql_code\ddl: NO
09:38:26.020 [main] DEBUG deployPackager - Trying to create .gitignore file C:\Users\Bill\git\DaticalSQL\sql_code\ddl\.gitignore
09:38:26.021 [main] DEBUG deployPackager - Created .gitignore file C:\Users\Bill\git\DaticalSQL\sql_code\ddl\.gitignore
09:38:26.022 [main] DEBUG deployPackager - No SQL files removed from directory C:\Users\Bill\git\DaticalSQL\sql_code\ddl
09:38:26.022 [main] INFO  deployPackager - Performing SCM remove for C:\Users\Bill\git\DaticalSQL\sql_code\sql
09:38:26.023 [main] INFO  deployPackager - Removing C:\Users\Bill\git\DaticalSQL\sql_code\sql files from git working copy C:\Users\Bill\git\DaticalSQL
09:38:26.023 [main] DEBUG ScriptUtils - sysExec command: git ls-files C:\Users\Bill\git\DaticalSQL\sql_code\sql
09:38:26.023 [main] DEBUG ScriptUtils -   Working Directory: C:\Users\Bill\git\DaticalSQL
09:38:26.164 [main] DEBUG ScriptUtils - rc     : 0
09:38:26.164 [main] DEBUG ScriptUtils - stdout : sql_code/sql/metadata.properties

09:38:26.165 [main] DEBUG deployPackager - SCM working dir is C:\Users\Bill\git\DaticalSQL
09:38:26.165 [main] DEBUG deployPackager - Does the .gitignore file exist for directory C:\Users\Bill\git\DaticalSQL\sql_code\sql: NO
09:38:26.165 [main] DEBUG deployPackager - Trying to create .gitignore file C:\Users\Bill\git\DaticalSQL\sql_code\sql\.gitignore
09:38:26.166 [main] DEBUG deployPackager - Created .gitignore file C:\Users\Bill\git\DaticalSQL\sql_code\sql\.gitignore
09:38:26.167 [main] DEBUG deployPackager - No SQL files removed from directory C:\Users\Bill\git\DaticalSQL\sql_code\sql
09:38:26.169 [main] INFO  deployPackager - Performing SCM remove for C:\Users\Bill\git\DaticalSQL\sql_code\sqlplus
09:38:26.169 [main] INFO  deployPackager - Removing C:\Users\Bill\git\DaticalSQL\sql_code\sqlplus files from git working copy C:\Users\Bill\git\DaticalSQL
09:38:26.169 [main] DEBUG ScriptUtils - sysExec command: git ls-files C:\Users\Bill\git\DaticalSQL\sql_code\sqlplus
09:38:26.169 [main] DEBUG ScriptUtils -   Working Directory: C:\Users\Bill\git\DaticalSQL
09:38:26.340 [main] DEBUG ScriptUtils - rc     : 0
09:38:26.341 [main] DEBUG ScriptUtils - stdout : sql_code/sqlplus/metadata.properties

09:38:26.341 [main] DEBUG deployPackager - SCM working dir is C:\Users\Bill\git\DaticalSQL
09:38:26.341 [main] DEBUG deployPackager - Does the .gitignore file exist for directory C:\Users\Bill\git\DaticalSQL\sql_code\sqlplus: NO
09:38:26.342 [main] DEBUG deployPackager - Trying to create .gitignore file C:\Users\Bill\git\DaticalSQL\sql_code\sqlplus\.gitignore
09:38:26.342 [main] DEBUG deployPackager - Created .gitignore file C:\Users\Bill\git\DaticalSQL\sql_code\sqlplus\.gitignore
09:38:26.343 [main] DEBUG deployPackager - No SQL files removed from directory C:\Users\Bill\git\DaticalSQL\sql_code\sqlplus
09:38:26.343 [main] INFO  deployPackager - Check in the archived scripts into the Developer repository
09:38:26.346 [main] DEBUG deployPackager - Checking in directory C:\Users\Bill\git\DaticalSQL
09:38:26.346 [main] DEBUG ScriptUtils - sysExec command: git add .
09:38:26.346 [main] DEBUG ScriptUtils -   Working Directory: C:\Users\Bill\git\DaticalSQL
09:38:26.589 [main] DEBUG ScriptUtils - rc     : 0
09:38:26.590 [main] DEBUG ScriptUtils - sysExec command: git commit --allow-empty -m Datical DB Deployment Packager has processed and archived the following files:
metadata.properties -> archive\data_dml\metadata.properties
select_from_dual.sql -> archive\data_dml\select_from_dual.sql
select_from_dual2.sql -> archive\data_dml\select_from_dual2.sql
metadata.properties -> archive\ddl\metadata.properties
metadata.properties -> archive\sql\metadata.properties
metadata.properties -> archive\sqlplus\metadata.properties
09:38:26.590 [main] DEBUG ScriptUtils -   Working Directory: C:\Users\Bill\git\DaticalSQL
09:38:26.846 [main] DEBUG ScriptUtils - rc     : 0
09:38:26.846 [main] DEBUG ScriptUtils - stdout : [master 6da7ec8] Datical DB Deployment Packager has processed and archived the following files: metadata.properties -> archive\data_dml\metadata.properties select_from_dual.sql -> archive\data_dml\select_from_dual.sql select_from_dual2.sql -> archive\data_dml\select_from_dual2.sql metadata.properties -> archive\ddl\metadata.properties metadata.properties -> archive\sql\metadata.properties metadata.properties -> archive\sqlplus\metadata.properties
 6 files changed, 0 insertions(+), 0 deletions(-)
 rename sql_code/{ => archive}/data_dml/select_from_dual.sql (100%)
 rename sql_code/{ => archive}/data_dml/select_from_dual2.sql (100%)
 create mode 100644 sql_code/data_dml/.gitignore
 create mode 100644 sql_code/ddl/.gitignore
 create mode 100644 sql_code/sql/.gitignore
 create mode 100644 sql_code/sqlplus/.gitignore

09:38:26.847 [main] DEBUG ScriptUtils - sysExec command: git push
09:38:26.847 [main] DEBUG ScriptUtils -   Working Directory: C:\Users\Bill\git\DaticalSQL
09:38:28.873 [main] DEBUG ScriptUtils - rc     : 0
09:38:28.873 [main] DEBUG ScriptUtils - stderr : warning: push.default is unset; its implicit value has changed in
Git 2.0 from 'matching' to 'simple'. To squelch this message
and maintain the traditional behavior, use:

  git config --global push.default matching

To squelch this message and adopt the new behavior now, use:

  git config --global push.default simple

When push.default is set to 'matching', git will push local branches
to the remote branches that already exist with the same name.

Since Git 2.0, Git defaults to the more conservative 'simple'
behavior, which only pushes the current branch to the corresponding
remote branch that 'git pull' uses to update the current branch.

See 'git help config' and search for 'push.default' for further information.
(the 'simple' mode was introduced in Git 1.7.11. Use the similar mode
'current' instead of 'simple' if you sometimes use older versions of Git)

To git@github.com:bbaker27/DaticalSQL.git
   aab30b5..6da7ec8  master -> master

09:38:28.873 [main] DEBUG ScriptUtils - sysExec command: git rev-parse --short HEAD
09:38:28.873 [main] DEBUG ScriptUtils -   Working Directory: C:\Users\Bill\git\DaticalSQL
09:38:28.991 [main] DEBUG ScriptUtils - rc     : 0
09:38:28.991 [main] DEBUG ScriptUtils - stdout : 6da7ec8

09:38:28.991 [main] INFO  deployPackager - Update sqlScmLastImportID () in property file.
09:38:28.992 [main] DEBUG deployPackager - here:  null returning sqlScmLastImportID
09:38:28.993 [main] INFO  deployPackager - Setting 'sqlScmLastImportID' to '6da7ec8' in file 'deployPackager.properties'.
09:38:28.999 [main] DEBUG ScriptUtils - sysExec command: git branch
09:38:28.999 [main] DEBUG ScriptUtils -   Working Directory: .
09:38:29.123 [main] DEBUG ScriptUtils - rc     : 0
09:38:29.123 [main] DEBUG ScriptUtils - stdout : * master

09:38:29.124 [main] INFO  deployPackager - Current git branch is master
09:38:29.124 [main] DEBUG deployPackager - already on branch master
09:38:29.124 [main] INFO  deployPackager - Check in the Datical Project files to the Datical repository
09:38:29.124 [main] INFO  deployPackager - Check in  Datical Project  Message 
09:38:29.125 [main] DEBUG deployPackager - Checking in directory .
09:38:29.125 [main] DEBUG ScriptUtils - sysExec command: git add .
09:38:29.125 [main] DEBUG ScriptUtils -   Working Directory: .
09:38:29.343 [main] DEBUG ScriptUtils - rc     : 0
09:38:29.343 [main] DEBUG ScriptUtils - stderr : warning: LF will be replaced by CRLF in Changelog/changelog.xml.
The file will have its original line endings in your working directory.
warning: LF will be replaced by CRLF in templates/deploy/deployReport.html.
The file will have its original line endings in your working directory.
warning: LF will be replaced by CRLF in templates/deploy/template.properties.
The file will have its original line endings in your working directory.
warning: LF will be replaced by CRLF in templates/forecast/forecastReport.html.
The file will have its original line endings in your working directory.
warning: LF will be replaced by CRLF in templates/forecast/template.properties.
The file will have its original line endings in your working directory.

09:38:29.344 [main] DEBUG ScriptUtils - sysExec command: git commit --allow-empty -m 
Datical DB Deployment Packager
Deployment Pipeline: Sep_2016
Deploy / Rollback Scripts Processed (Associated Labels):
data_dml\select_from_dual2.sql / none (TEST_TABLE,select_from_dual2.sql)
 JIRA-2772
09:38:29.344 [main] DEBUG ScriptUtils -   Working Directory: .
09:38:29.504 [main] DEBUG ScriptUtils - rc     : 0
09:38:29.504 [main] DEBUG ScriptUtils - stdout : [master c8806da] Datical DB Deployment Packager Deployment Pipeline: Sep_2016 Deploy / Rollback Scripts Processed (Associated Labels): data_dml\select_from_dual2.sql / none (TEST_TABLE,select_from_dual2.sql)  JIRA-2772
 23 files changed, 34681 insertions(+), 5 deletions(-)
 create mode 100644 Resources/sql/20160923093809740_select_from_dual2.sql
 create mode 100644 templates/deploy/deployReport.html
 create mode 100644 templates/deploy/img/datical_hdr_logo.png
 create mode 100644 templates/deploy/img/datical_logo.png
 create mode 100644 templates/deploy/img/fail.png
 create mode 100644 templates/deploy/img/glyphicons-halflings-white.png
 create mode 100644 templates/deploy/img/glyphicons-halflings.png
 create mode 100644 templates/deploy/img/pass.png
 create mode 100644 templates/deploy/img/skip.png
 create mode 100644 templates/deploy/img/warning.png
 create mode 100644 templates/deploy/template.properties
 create mode 100644 templates/forecast/forecastReport.html
 create mode 100644 templates/forecast/img/datical_hdr_logo.png
 create mode 100644 templates/forecast/img/datical_logo.png
 create mode 100644 templates/forecast/img/fail.png
 create mode 100644 templates/forecast/img/glyphicons-halflings-white.png
 create mode 100644 templates/forecast/img/glyphicons-halflings.png
 create mode 100644 templates/forecast/img/pass.png
 create mode 100644 templates/forecast/img/skip.png
 create mode 100644 templates/forecast/img/warning.png
 create mode 100644 templates/forecast/template.properties

09:38:29.505 [main] DEBUG ScriptUtils - stderr : warning: LF will be replaced by CRLF in Changelog/changelog.xml.
The file will have its original line endings in your working directory.
warning: LF will be replaced by CRLF in Changelog/changelog.xml.
The file will have its original line endings in your working directory.
warning: LF will be replaced by CRLF in templates/deploy/deployReport.html.
The file will have its original line endings in your working directory.
warning: LF will be replaced by CRLF in templates/deploy/template.properties.
The file will have its original line endings in your working directory.
warning: LF will be replaced by CRLF in templates/forecast/forecastReport.html.
The file will have its original line endings in your working directory.
warning: LF will be replaced by CRLF in templates/forecast/template.properties.
The file will have its original line endings in your working directory.

09:38:29.505 [main] DEBUG ScriptUtils - sysExec command: git push
09:38:29.505 [main] DEBUG ScriptUtils -   Working Directory: .
09:38:31.843 [main] DEBUG ScriptUtils - rc     : 0
09:38:31.843 [main] DEBUG ScriptUtils - stderr : warning: push.default is unset; its implicit value has changed in
Git 2.0 from 'matching' to 'simple'. To squelch this message
and maintain the traditional behavior, use:

  git config --global push.default matching

To squelch this message and adopt the new behavior now, use:

  git config --global push.default simple

When push.default is set to 'matching', git will push local branches
to the remote branches that already exist with the same name.

Since Git 2.0, Git defaults to the more conservative 'simple'
behavior, which only pushes the current branch to the corresponding
remote branch that 'git pull' uses to update the current branch.

See 'git help config' and search for 'push.default' for further information.
(the 'simple' mode was introduced in Git 1.7.11. Use the similar mode
'current' instead of 'simple' if you sometimes use older versions of Git)

To git@github.com:bbaker27/DaticalProject.git
   45c4415..c8806da  master -> master

09:38:31.843 [main] DEBUG ScriptUtils - sysExec command: git rev-parse --short HEAD
09:38:31.843 [main] DEBUG ScriptUtils -   Working Directory: .
09:38:32.046 [main] DEBUG ScriptUtils - rc     : 0
09:38:32.046 [main] DEBUG ScriptUtils - stdout : c8806da

09:38:32.047 [main] INFO  deployPackager - ==================================================
09:38:32.048 [main] INFO  deployPackager - DATICAL DB: DEPLOY PACKAGER COMPLETED SUCCESSFULLY
09:38:32.048 [main] INFO  deployPackager - --------------------------------------------------
09:38:32.048 [main] INFO  deployPackager -   Found 1 items with 1 files to package. There are 0 stored logic drops.
09:38:32.048 [main] INFO  deployPackager -   ID         AUTHOR               COMMENT                        LABELS
09:38:32.048 [main] INFO  deployPackager -   aab30b5    bbaker27             adding sql2                    []
09:38:32.049 [main] INFO  deployPackager -   Item id aab30b5 has 1 files not already noted
09:38:32.049 [main] INFO  deployPackager -      TYPE       ACTION     FILENAME/ROLLBACKFILE
09:38:32.049 [main] INFO  deployPackager -      data_dml   sqlfile    C:\Users\Bill\git\DaticalSQL\sql_code\data_dml\select_from_dual2.sql
09:38:32.049 [main] INFO  deployPackager -                            -no rollback found-
09:38:32.049 [main] INFO  deployPackager - END:      2016-09-23-09:38:32
09:38:32.050 [main] INFO  deployPackager - DURATION: 1 minutes, 12.052 seconds
09:38:32.050 [main] INFO  deployPackager - ==================================================
09:38:32.052 [main] DEBUG deployPackager - switching back to branch master in directory .
09:38:32.052 [main] DEBUG ScriptUtils - sysExec command: git branch
09:38:32.052 [main] DEBUG ScriptUtils -   Working Directory: .
09:38:32.593 [main] DEBUG ScriptUtils - rc     : 0
09:38:32.594 [main] DEBUG ScriptUtils - stdout : * master

09:38:32.595 [main] INFO  deployPackager - Current git branch is master
09:38:32.595 [main] DEBUG deployPackager - already on branch master
09:38:32.595 [main] DEBUG deployPackager - Running git status for ddbScmPath at .
09:38:32.595 [main] DEBUG ScriptUtils - sysExec command: git status
09:38:32.595 [main] DEBUG ScriptUtils -   Working Directory: .
09:38:32.847 [main] DEBUG ScriptUtils - rc     : 0
09:38:32.847 [main] DEBUG ScriptUtils - stdout : On branch master
Your branch is up-to-date with 'origin/master'.
nothing to commit, working directory clean

09:38:32.848 [main] INFO  deployPackager - Local Git repo ddbScmPath at . is now on branch master
09:38:32.848 [main] INFO  deployPackager - Local Git repo ddbScmPath at . is up-to-date
09:38:32.848 [main] DEBUG deployPackager - Running git status for sqlScmPath at C:\Users\Bill\git\DaticalSQL
09:38:32.848 [main] DEBUG ScriptUtils - sysExec command: git status
09:38:32.848 [main] DEBUG ScriptUtils -   Working Directory: C:\Users\Bill\git\DaticalSQL
09:38:33.052 [main] DEBUG ScriptUtils - rc     : 0
09:38:33.053 [main] DEBUG ScriptUtils - stdout : On branch master
Your branch is up-to-date with 'origin/master'.
nothing to commit, working directory clean

09:38:33.053 [main] INFO  deployPackager - Local Git repo sqlScmPath at C:\Users\Bill\git\DaticalSQL is now on branch master
09:38:33.054 [main] INFO  deployPackager - Local Git repo sqlScmPath at C:\Users\Bill\git\DaticalSQL is up-to-date
09:38:33.085 [main] INFO  c.d.j.osgi.AcceleratorDriverService - Deactivating AcceleratorDriverService.
